<?xml version="1.0" encoding="UTF-8"?>
<coverage generated="1742733552119" clover="3.2.0">
  <project timestamp="1742733552120" name="All files">
    <metrics statements="519" coveredstatements="446" conditionals="348" coveredconditionals="269" methods="60" coveredmethods="55" elements="927" coveredelements="770" complexity="0" loc="519" ncloc="519" packages="2" files="4" classes="4"/>
    <package name="src">
      <metrics statements="502" coveredstatements="429" conditionals="340" coveredconditionals="263" methods="48" coveredmethods="43"/>
      <file name="DynamicModel.ts" path="/home/waqasbelushi/dynamic-orm/src/DynamicModel.ts">
        <metrics statements="485" coveredstatements="412" conditionals="333" coveredconditionals="257" methods="42" coveredmethods="37"/>
        <line num="1" count="2" type="stmt"/>
        <line num="14" count="2" type="stmt"/>
        <line num="15" count="30" type="stmt"/>
        <line num="16" count="0" type="stmt"/>
        <line num="17" count="0" type="stmt"/>
        <line num="18" count="0" type="stmt"/>
        <line num="25" count="2" type="stmt"/>
        <line num="50" count="144" type="stmt"/>
        <line num="51" count="144" type="cond" truecount="2" falsecount="0"/>
        <line num="52" count="144" type="cond" truecount="2" falsecount="0"/>
        <line num="53" count="144" type="cond" truecount="2" falsecount="0"/>
        <line num="54" count="144" type="cond" truecount="2" falsecount="0"/>
        <line num="55" count="144" type="cond" truecount="2" falsecount="0"/>
        <line num="56" count="144" type="cond" truecount="2" falsecount="0"/>
        <line num="57" count="144" type="stmt"/>
        <line num="58" count="144" type="stmt"/>
        <line num="59" count="144" type="cond" truecount="2" falsecount="0"/>
        <line num="67" count="26" type="cond" truecount="0" falsecount="1"/>
        <line num="68" count="0" type="stmt"/>
        <line num="72" count="26" type="cond" truecount="3" falsecount="0"/>
        <line num="73" count="21" type="stmt"/>
        <line num="75" count="26" type="cond" truecount="4" falsecount="0"/>
        <line num="76" count="26" type="cond" truecount="2" falsecount="0"/>
        <line num="77" count="26" type="cond" truecount="2" falsecount="0"/>
        <line num="78" count="26" type="cond" truecount="2" falsecount="0"/>
        <line num="79" count="26" type="cond" truecount="2" falsecount="0"/>
        <line num="80" count="26" type="cond" truecount="2" falsecount="0"/>
        <line num="83" count="26" type="stmt"/>
        <line num="86" count="26" type="stmt"/>
        <line num="87" count="26" type="cond" truecount="1" falsecount="0"/>
        <line num="88" count="26" type="stmt"/>
        <line num="89" count="26" type="stmt"/>
        <line num="90" count="24" type="cond" truecount="1" falsecount="0"/>
        <line num="91" count="1" type="stmt"/>
        <line num="95" count="2" type="stmt"/>
        <line num="100" count="25" type="stmt"/>
        <line num="102" count="25" type="stmt"/>
        <line num="103" count="25" type="stmt"/>
        <line num="104" count="25" type="stmt"/>
        <line num="105" count="25" type="stmt"/>
        <line num="106" count="25" type="stmt"/>
        <line num="107" count="25" type="stmt"/>
        <line num="108" count="25" type="stmt"/>
        <line num="111" count="25" type="stmt"/>
        <line num="114" count="25" type="cond" truecount="4" falsecount="0"/>
        <line num="115" count="4" type="stmt"/>
        <line num="117" count="4" type="stmt"/>
        <line num="118" count="4" type="cond" truecount="2" falsecount="1"/>
        <line num="120" count="4" type="cond" truecount="2" falsecount="0"/>
        <line num="121" count="4" type="stmt"/>
        <line num="122" count="4" type="cond" truecount="1" falsecount="1"/>
        <line num="123" count="4" type="cond" truecount="2" falsecount="0"/>
        <line num="126" count="4" type="stmt"/>
        <line num="129" count="4" type="stmt"/>
        <line num="132" count="4" type="cond" truecount="1" falsecount="2"/>
        <line num="133" count="0" type="stmt"/>
        <line num="135" count="0" type="cond" truecount="0" falsecount="2"/>
        <line num="136" count="0" type="stmt"/>
        <line num="137" count="0" type="cond" truecount="0" falsecount="2"/>
        <line num="138" count="0" type="cond" truecount="0" falsecount="2"/>
        <line num="139" count="0" type="stmt"/>
        <line num="141" count="0" type="stmt"/>
        <line num="142" count="0" type="stmt"/>
        <line num="143" count="0" type="stmt"/>
        <line num="145" count="0" type="cond" truecount="0" falsecount="2"/>
        <line num="146" count="0" type="stmt"/>
        <line num="148" count="0" type="cond" truecount="0" falsecount="8"/>
        <line num="149" count="0" type="stmt"/>
        <line num="150" count="0" type="stmt"/>
        <line num="151" count="0" type="stmt"/>
        <line num="152" count="0" type="stmt"/>
        <line num="153" count="0" type="stmt"/>
        <line num="154" count="0" type="stmt"/>
        <line num="155" count="0" type="stmt"/>
        <line num="156" count="0" type="stmt"/>
        <line num="159" count="0" type="cond" truecount="0" falsecount="4"/>
        <line num="160" count="0" type="stmt"/>
        <line num="161" count="0" type="cond" truecount="0" falsecount="2"/>
        <line num="162" count="0" type="stmt"/>
        <line num="164" count="0" type="stmt"/>
        <line num="165" count="0" type="stmt"/>
        <line num="169" count="0" type="stmt"/>
        <line num="170" count="0" type="stmt"/>
        <line num="175" count="4" type="stmt"/>
        <line num="179" count="4" type="cond" truecount="1" falsecount="0"/>
        <line num="180" count="4" type="stmt"/>
        <line num="185" count="25" type="cond" truecount="3" falsecount="0"/>
        <line num="186" count="1" type="stmt"/>
        <line num="187" count="2" type="stmt"/>
        <line num="189" count="2" type="cond" truecount="1" falsecount="1"/>
        <line num="190" count="0" type="stmt"/>
        <line num="191" count="0" type="stmt"/>
        <line num="192" count="0" type="cond" truecount="0" falsecount="2"/>
        <line num="193" count="0" type="stmt"/>
        <line num="194" count="0" type="stmt"/>
        <line num="196" count="2" type="stmt"/>
        <line num="197" count="2" type="stmt"/>
        <line num="201" count="1" type="cond" truecount="1" falsecount="0"/>
        <line num="202" count="1" type="stmt"/>
        <line num="207" count="25" type="cond" truecount="3" falsecount="0"/>
        <line num="208" count="8" type="stmt"/>
        <line num="210" count="10" type="stmt"/>
        <line num="211" count="10" type="stmt"/>
        <line num="212" count="10" type="stmt"/>
        <line num="214" count="10" type="cond" truecount="0" falsecount="1"/>
        <line num="215" count="0" type="stmt"/>
        <line num="216" count="0" type="stmt"/>
        <line num="217" count="0" type="cond" truecount="0" falsecount="2"/>
        <line num="221" count="10" type="cond" truecount="2" falsecount="0"/>
        <line num="222" count="1" type="stmt"/>
        <line num="223" count="9" type="cond" truecount="2" falsecount="0"/>
        <line num="224" count="2" type="cond" truecount="2" falsecount="0"/>
        <line num="225" count="1" type="stmt"/>
        <line num="227" count="2" type="stmt"/>
        <line num="228" count="1" type="stmt"/>
        <line num="229" count="1" type="stmt"/>
        <line num="231" count="7" type="cond" truecount="2" falsecount="0"/>
        <line num="232" count="3" type="stmt"/>
        <line num="234" count="3" type="cond" truecount="3" falsecount="5"/>
        <line num="235" count="1" type="stmt"/>
        <line num="236" count="0" type="stmt"/>
        <line num="237" count="0" type="stmt"/>
        <line num="238" count="0" type="stmt"/>
        <line num="239" count="1" type="stmt"/>
        <line num="240" count="1" type="stmt"/>
        <line num="241" count="0" type="stmt"/>
        <line num="242" count="0" type="stmt"/>
        <line num="245" count="3" type="cond" truecount="4" falsecount="0"/>
        <line num="246" count="1" type="stmt"/>
        <line num="247" count="2" type="cond" truecount="1" falsecount="1"/>
        <line num="248" count="0" type="stmt"/>
        <line num="250" count="2" type="stmt"/>
        <line num="251" count="2" type="stmt"/>
        <line num="255" count="4" type="stmt"/>
        <line num="256" count="4" type="stmt"/>
        <line num="261" count="25" type="cond" truecount="1" falsecount="0"/>
        <line num="262" count="9" type="stmt"/>
        <line num="266" count="25" type="stmt"/>
        <line num="268" count="25" type="cond" truecount="5" falsecount="0"/>
        <line num="270" count="4" type="stmt"/>
        <line num="273" count="4" type="cond" truecount="1" falsecount="1"/>
        <line num="274" count="0" type="cond" truecount="0" falsecount="2"/>
        <line num="275" count="0" type="stmt"/>
        <line num="276" count="0" type="cond" truecount="0" falsecount="1"/>
        <line num="277" count="0" type="stmt"/>
        <line num="280" count="4" type="stmt"/>
        <line num="284" count="4" type="stmt"/>
        <line num="285" count="4" type="cond" truecount="0" falsecount="1"/>
        <line num="287" count="4" type="stmt"/>
        <line num="288" count="4" type="cond" truecount="2" falsecount="0"/>
        <line num="291" count="4" type="cond" truecount="2" falsecount="0"/>
        <line num="292" count="4" type="stmt"/>
        <line num="294" count="4" type="cond" truecount="2" falsecount="0"/>
        <line num="295" count="3" type="stmt"/>
        <line num="296" count="1" type="cond" truecount="1" falsecount="1"/>
        <line num="297" count="2" type="stmt"/>
        <line num="298" count="0" type="cond" truecount="0" falsecount="1"/>
        <line num="299" count="0" type="stmt"/>
        <line num="302" count="4" type="cond" truecount="1" falsecount="0"/>
        <line num="303" count="4" type="stmt"/>
        <line num="307" count="4" type="stmt"/>
        <line num="310" count="21" type="stmt"/>
        <line num="313" count="21" type="cond" truecount="1" falsecount="0"/>
        <line num="315" count="21" type="cond" truecount="2" falsecount="0"/>
        <line num="317" count="2" type="stmt"/>
        <line num="318" count="4" type="stmt"/>
        <line num="321" count="19" type="stmt"/>
        <line num="327" count="25" type="stmt"/>
        <line num="328" count="25" type="cond" truecount="1" falsecount="0"/>
        <line num="329" count="4" type="stmt"/>
        <line num="331" count="4" type="cond" truecount="2" falsecount="0"/>
        <line num="332" count="2" type="cond" truecount="2" falsecount="0"/>
        <line num="333" count="2" type="cond" truecount="2" falsecount="0"/>
        <line num="334" count="2" type="stmt"/>
        <line num="335" count="2" type="stmt"/>
        <line num="336" count="2" type="stmt"/>
        <line num="338" count="2" type="cond" truecount="0" falsecount="1"/>
        <line num="339" count="0" type="stmt"/>
        <line num="340" count="0" type="stmt"/>
        <line num="341" count="0" type="cond" truecount="0" falsecount="2"/>
        <line num="344" count="2" type="stmt"/>
        <line num="345" count="2" type="cond" truecount="2" falsecount="0"/>
        <line num="346" count="1" type="stmt"/>
        <line num="347" count="2" type="cond" truecount="2" falsecount="0"/>
        <line num="348" count="2" type="cond" truecount="2" falsecount="0"/>
        <line num="349" count="2" type="stmt"/>
        <line num="350" count="2" type="stmt"/>
        <line num="351" count="2" type="stmt"/>
        <line num="353" count="2" type="cond" truecount="0" falsecount="1"/>
        <line num="354" count="0" type="stmt"/>
        <line num="355" count="0" type="stmt"/>
        <line num="356" count="0" type="cond" truecount="0" falsecount="2"/>
        <line num="359" count="2" type="stmt"/>
        <line num="361" count="1" type="cond" truecount="1" falsecount="0"/>
        <line num="362" count="1" type="stmt"/>
        <line num="363" count="2" type="stmt"/>
        <line num="364" count="2" type="stmt"/>
        <line num="365" count="2" type="stmt"/>
        <line num="367" count="2" type="cond" truecount="0" falsecount="1"/>
        <line num="368" count="0" type="stmt"/>
        <line num="369" count="0" type="stmt"/>
        <line num="370" count="0" type="cond" truecount="0" falsecount="2"/>
        <line num="373" count="2" type="cond" truecount="3" falsecount="1"/>
        <line num="377" count="4" type="cond" truecount="1" falsecount="0"/>
        <line num="378" count="4" type="stmt"/>
        <line num="383" count="25" type="stmt"/>
        <line num="384" count="25" type="stmt"/>
        <line num="385" count="25" type="stmt"/>
        <line num="386" count="25" type="stmt"/>
        <line num="387" count="25" type="stmt"/>
        <line num="389" count="25" type="cond" truecount="1" falsecount="0"/>
        <line num="390" count="2" type="cond" truecount="2" falsecount="0"/>
        <line num="391" count="2" type="cond" truecount="1" falsecount="1"/>
        <line num="395" count="2" type="stmt"/>
        <line num="396" count="2" type="stmt"/>
        <line num="397" count="2" type="stmt"/>
        <line num="401" count="25" type="cond" truecount="2" falsecount="0"/>
        <line num="406" count="25" type="stmt"/>
        <line num="407" count="25" type="cond" truecount="3" falsecount="0"/>
        <line num="410" count="8" type="cond" truecount="1" falsecount="1"/>
        <line num="411" count="0" type="stmt"/>
        <line num="417" count="8" type="stmt"/>
        <line num="424" count="8" type="stmt"/>
        <line num="425" count="7" type="stmt"/>
        <line num="429" count="24" type="stmt"/>
        <line num="439" count="24" type="stmt"/>
        <line num="442" count="23" type="stmt"/>
        <line num="444" count="23" type="cond" truecount="4" falsecount="0"/>
        <line num="446" count="4" type="stmt"/>
        <line num="450" count="23" type="stmt"/>
        <line num="462" count="23" type="cond" truecount="1" falsecount="0"/>
        <line num="463" count="23" type="stmt"/>
        <line num="464" count="23" type="stmt"/>
        <line num="467" count="2" type="stmt"/>
        <line num="471" count="23" type="stmt"/>
        <line num="473" count="2" type="stmt"/>
        <line num="474" count="2" type="stmt"/>
        <line num="480" count="1" type="stmt"/>
        <line num="488" count="9" type="cond" truecount="4" falsecount="1"/>
        <line num="489" count="0" type="stmt"/>
        <line num="492" count="9" type="stmt"/>
        <line num="493" count="9" type="stmt"/>
        <line num="496" count="9" type="stmt"/>
        <line num="497" count="15" type="cond" truecount="4" falsecount="0"/>
        <line num="498" count="14" type="stmt"/>
        <line num="503" count="9" type="stmt"/>
        <line num="504" count="10" type="stmt"/>
        <line num="505" count="10" type="stmt"/>
        <line num="506" count="10" type="cond" truecount="2" falsecount="0"/>
        <line num="507" count="10" type="cond" truecount="2" falsecount="0"/>
        <line num="508" count="10" type="stmt"/>
        <line num="511" count="10" type="stmt"/>
        <line num="512" count="16" type="cond" truecount="3" falsecount="0"/>
        <line num="513" count="15" type="stmt"/>
        <line num="515" count="10" type="cond" truecount="0" falsecount="1"/>
        <line num="516" count="0" type="stmt"/>
        <line num="520" count="10" type="stmt"/>
        <line num="521" count="15" type="stmt"/>
        <line num="523" count="10" type="stmt"/>
        <line num="525" count="10" type="stmt"/>
        <line num="528" count="10" type="stmt"/>
        <line num="529" count="6" type="stmt"/>
        <line num="531" count="6" type="cond" truecount="3" falsecount="0"/>
        <line num="533" count="6" type="cond" truecount="1" falsecount="0"/>
        <line num="534" count="5" type="cond" truecount="2" falsecount="0"/>
        <line num="538" count="6" type="cond" truecount="2" falsecount="0"/>
        <line num="539" count="2" type="stmt"/>
        <line num="542" count="4" type="stmt"/>
        <line num="543" count="4" type="stmt"/>
        <line num="546" count="4" type="cond" truecount="2" falsecount="0"/>
        <line num="547" count="1" type="cond" truecount="1" falsecount="1"/>
        <line num="548" count="1" type="stmt"/>
        <line num="549" count="1" type="cond" truecount="1" falsecount="0"/>
        <line num="550" count="1" type="stmt"/>
        <line num="551" count="1" type="stmt"/>
        <line num="555" count="1" type="cond" truecount="1" falsecount="0"/>
        <line num="556" count="1" type="stmt"/>
        <line num="560" count="3" type="stmt"/>
        <line num="561" count="9" type="stmt"/>
        <line num="562" count="9" type="stmt"/>
        <line num="567" count="4" type="cond" truecount="1" falsecount="1"/>
        <line num="569" count="4" type="cond" truecount="5" falsecount="0"/>
        <line num="570" count="1" type="stmt"/>
        <line num="571" count="1" type="stmt"/>
        <line num="573" count="3" type="stmt"/>
        <line num="577" count="0" type="stmt"/>
        <line num="584" count="10" type="stmt"/>
        <line num="585" count="15" type="cond" truecount="3" falsecount="0"/>
        <line num="586" count="10" type="cond" truecount="2" falsecount="0"/>
        <line num="590" count="0" type="stmt"/>
        <line num="595" count="9" type="stmt"/>
        <line num="596" count="15" type="cond" truecount="4" falsecount="0"/>
        <line num="597" count="14" type="stmt"/>
        <line num="598" count="14" type="cond" truecount="1" falsecount="0"/>
        <line num="599" count="14" type="stmt"/>
        <line num="604" count="9" type="stmt"/>
        <line num="611" count="14" type="cond" truecount="1" falsecount="0"/>
        <line num="613" count="13" type="stmt"/>
        <line num="616" count="13" type="stmt"/>
        <line num="617" count="13" type="cond" truecount="1" falsecount="0"/>
        <line num="618" count="13" type="stmt"/>
        <line num="619" count="13" type="stmt"/>
        <line num="620" count="11" type="cond" truecount="1" falsecount="0"/>
        <line num="621" count="1" type="stmt"/>
        <line num="625" count="2" type="stmt"/>
        <line num="630" count="12" type="stmt"/>
        <line num="631" count="12" type="stmt"/>
        <line num="632" count="12" type="stmt"/>
        <line num="633" count="12" type="stmt"/>
        <line num="635" count="10" type="cond" truecount="1" falsecount="1"/>
        <line num="638" count="10" type="cond" truecount="2" falsecount="1"/>
        <line num="639" count="0" type="stmt"/>
        <line num="640" count="0" type="stmt"/>
        <line num="643" count="0" type="stmt"/>
        <line num="647" count="10" type="stmt"/>
        <line num="649" count="2" type="stmt"/>
        <line num="650" count="2" type="stmt"/>
        <line num="658" count="10" type="stmt"/>
        <line num="659" count="10" type="stmt"/>
        <line num="661" count="10" type="cond" truecount="1" falsecount="0"/>
        <line num="662" count="10" type="stmt"/>
        <line num="663" count="10" type="stmt"/>
        <line num="664" count="10" type="cond" truecount="1" falsecount="0"/>
        <line num="665" count="1" type="stmt"/>
        <line num="668" count="0" type="stmt"/>
        <line num="672" count="9" type="stmt"/>
        <line num="673" count="9" type="stmt"/>
        <line num="674" count="9" type="stmt"/>
        <line num="675" count="9" type="stmt"/>
        <line num="677" count="7" type="cond" truecount="2" falsecount="0"/>
        <line num="680" count="7" type="cond" truecount="3" falsecount="0"/>
        <line num="681" count="1" type="stmt"/>
        <line num="682" count="1" type="stmt"/>
        <line num="684" count="1" type="stmt"/>
        <line num="688" count="7" type="stmt"/>
        <line num="690" count="2" type="stmt"/>
        <line num="691" count="2" type="stmt"/>
        <line num="699" count="11" type="cond" truecount="4" falsecount="0"/>
        <line num="700" count="2" type="stmt"/>
        <line num="704" count="9" type="cond" truecount="3" falsecount="0"/>
        <line num="705" count="9" type="stmt"/>
        <line num="708" count="9" type="stmt"/>
        <line num="709" count="9" type="stmt"/>
        <line num="710" count="9" type="stmt"/>
        <line num="711" count="23" type="stmt"/>
        <line num="713" count="9" type="stmt"/>
        <line num="715" count="9" type="cond" truecount="1" falsecount="0"/>
        <line num="716" count="8" type="stmt"/>
        <line num="719" count="9" type="stmt"/>
        <line num="722" count="7" type="cond" truecount="2" falsecount="0"/>
        <line num="725" count="7" type="cond" truecount="1" falsecount="0"/>
        <line num="726" count="7" type="stmt"/>
        <line num="729" count="7" type="stmt"/>
        <line num="731" count="2" type="stmt"/>
        <line num="732" count="2" type="stmt"/>
        <line num="740" count="9" type="cond" truecount="1" falsecount="0"/>
        <line num="741" count="1" type="stmt"/>
        <line num="744" count="8" type="cond" truecount="4" falsecount="0"/>
        <line num="745" count="1" type="stmt"/>
        <line num="748" count="7" type="stmt"/>
        <line num="749" count="7" type="stmt"/>
        <line num="751" count="7" type="stmt"/>
        <line num="753" count="7" type="cond" truecount="1" falsecount="0"/>
        <line num="754" count="6" type="stmt"/>
        <line num="757" count="7" type="stmt"/>
        <line num="760" count="5" type="cond" truecount="1" falsecount="0"/>
        <line num="761" count="5" type="stmt"/>
        <line num="762" count="5" type="stmt"/>
        <line num="768" count="2" type="stmt"/>
        <line num="772" count="5" type="cond" truecount="3" falsecount="1"/>
        <line num="774" count="2" type="stmt"/>
        <line num="775" count="2" type="stmt"/>
        <line num="783" count="8" type="cond" truecount="1" falsecount="0"/>
        <line num="784" count="1" type="stmt"/>
        <line num="787" count="7" type="stmt"/>
        <line num="788" count="7" type="stmt"/>
        <line num="791" count="7" type="cond" truecount="1" falsecount="0"/>
        <line num="792" count="4" type="stmt"/>
        <line num="793" count="4" type="cond" truecount="1" falsecount="0"/>
        <line num="796" count="4" type="stmt"/>
        <line num="797" count="4" type="stmt"/>
        <line num="800" count="3" type="cond" truecount="1" falsecount="0"/>
        <line num="801" count="3" type="stmt"/>
        <line num="802" count="3" type="stmt"/>
        <line num="808" count="0" type="stmt"/>
        <line num="812" count="3" type="cond" truecount="2" falsecount="0"/>
        <line num="814" count="1" type="stmt"/>
        <line num="815" count="1" type="stmt"/>
        <line num="823" count="17" type="stmt"/>
        <line num="826" count="17" type="stmt"/>
        <line num="827" count="17" type="cond" truecount="1" falsecount="0"/>
        <line num="828" count="16" type="stmt"/>
        <line num="829" count="16" type="stmt"/>
        <line num="830" count="16" type="cond" truecount="1" falsecount="0"/>
        <line num="831" count="1" type="stmt"/>
        <line num="835" count="0" type="stmt"/>
        <line num="840" count="16" type="stmt"/>
        <line num="842" count="16" type="stmt"/>
        <line num="843" count="16" type="stmt"/>
        <line num="845" count="16" type="stmt"/>
        <line num="846" count="15" type="cond" truecount="2" falsecount="0"/>
        <line num="847" count="1" type="stmt"/>
        <line num="848" count="14" type="cond" truecount="2" falsecount="0"/>
        <line num="849" count="1" type="cond" truecount="1" falsecount="1"/>
        <line num="850" count="0" type="stmt"/>
        <line num="852" count="2" type="stmt"/>
        <line num="853" count="1" type="stmt"/>
        <line num="854" count="1" type="stmt"/>
        <line num="856" count="13" type="cond" truecount="2" falsecount="0"/>
        <line num="857" count="8" type="stmt"/>
        <line num="859" count="8" type="cond" truecount="7" falsecount="0"/>
        <line num="860" count="2" type="stmt"/>
        <line num="861" count="1" type="stmt"/>
        <line num="862" count="1" type="stmt"/>
        <line num="863" count="1" type="stmt"/>
        <line num="864" count="1" type="stmt"/>
        <line num="865" count="1" type="stmt"/>
        <line num="866" count="1" type="stmt"/>
        <line num="868" count="8" type="stmt"/>
        <line num="869" count="8" type="stmt"/>
        <line num="872" count="5" type="stmt"/>
        <line num="873" count="5" type="stmt"/>
        <line num="877" count="16" type="cond" truecount="2" falsecount="0"/>
        <line num="878" count="16" type="stmt"/>
        <line num="880" count="16" type="stmt"/>
        <line num="881" count="14" type="stmt"/>
        <line num="884" count="14" type="cond" truecount="1" falsecount="0"/>
        <line num="885" count="13" type="stmt"/>
        <line num="886" count="13" type="stmt"/>
        <line num="889" count="2" type="stmt"/>
        <line num="893" count="14" type="stmt"/>
        <line num="895" count="2" type="stmt"/>
        <line num="896" count="2" type="stmt"/>
        <line num="904" count="9" type="stmt"/>
        <line num="906" count="8" type="stmt"/>
        <line num="912" count="1" type="stmt"/>
        <line num="916" count="1" type="stmt"/>
        <line num="917" count="1" type="stmt"/>
        <line num="918" count="1" type="stmt"/>
        <line num="920" count="1" type="stmt"/>
        <line num="922" count="1" type="cond" truecount="1" falsecount="0"/>
        <line num="923" count="1" type="stmt"/>
        <line num="926" count="1" type="stmt"/>
        <line num="927" count="1" type="cond" truecount="1" falsecount="1"/>
        <line num="931" count="1" type="stmt"/>
        <line num="932" count="1" type="stmt"/>
        <line num="934" count="1" type="cond" truecount="1" falsecount="0"/>
        <line num="935" count="1" type="stmt"/>
        <line num="938" count="1" type="stmt"/>
        <line num="939" count="1" type="cond" truecount="2" falsecount="2"/>
        <line num="943" count="2" type="cond" truecount="2" falsecount="0"/>
        <line num="944" count="1" type="stmt"/>
        <line num="945" count="1" type="stmt"/>
        <line num="946" count="1" type="cond" truecount="1" falsecount="1"/>
        <line num="948" count="1" type="cond" truecount="0" falsecount="1"/>
        <line num="950" count="1" type="stmt"/>
        <line num="951" count="1" type="stmt"/>
        <line num="953" count="1" type="stmt"/>
        <line num="954" count="1" type="stmt"/>
        <line num="959" count="1" type="stmt"/>
        <line num="961" count="1" type="stmt"/>
        <line num="962" count="1" type="stmt"/>
        <line num="964" count="1" type="cond" truecount="1" falsecount="1"/>
        <line num="969" count="8" type="stmt"/>
        <line num="972" count="8" type="cond" truecount="1" falsecount="0"/>
        <line num="973" count="8" type="stmt"/>
        <line num="976" count="8" type="stmt"/>
        <line num="984" count="4" type="stmt"/>
        <line num="985" count="4" type="stmt"/>
        <line num="987" count="2" type="stmt"/>
        <line num="988" count="2" type="stmt"/>
        <line num="996" count="27" type="cond" truecount="1" falsecount="0"/>
        <line num="998" count="26" type="stmt"/>
        <line num="999" count="26" type="stmt"/>
        <line num="1000" count="22" type="cond" truecount="1" falsecount="0"/>
        <line num="1001" count="4" type="stmt"/>
        <line num="1004" count="4" type="stmt"/>
        <line num="1014" count="73" type="stmt"/>
        <line num="1022" count="62" type="cond" truecount="4" falsecount="0"/>
        <line num="1023" count="49" type="stmt"/>
        <line num="1026" count="13" type="cond" truecount="1" falsecount="0"/>
        <line num="1027" count="4" type="stmt"/>
        <line num="1030" count="9" type="cond" truecount="1" falsecount="0"/>
        <line num="1031" count="8" type="stmt"/>
        <line num="1034" count="1" type="stmt"/>
      </file>
      <file name="index.ts" path="/home/waqasbelushi/dynamic-orm/src/index.ts">
        <metrics statements="17" coveredstatements="17" conditionals="7" coveredconditionals="6" methods="6" coveredmethods="6"/>
        <line num="1" count="1" type="stmt"/>
        <line num="2" count="1" type="stmt"/>
        <line num="3" count="1" type="stmt"/>
        <line num="4" count="1" type="stmt"/>
        <line num="9" count="1" type="stmt"/>
        <line num="14" count="4" type="cond" truecount="1" falsecount="0"/>
        <line num="16" count="4" type="cond" truecount="1" falsecount="0"/>
        <line num="17" count="1" type="stmt"/>
        <line num="21" count="3" type="stmt"/>
        <line num="24" count="3" type="cond" truecount="4" falsecount="0"/>
        <line num="29" count="3" type="stmt"/>
        <line num="34" count="1" type="stmt"/>
        <line num="45" count="1" type="stmt"/>
        <line num="49" count="3" type="stmt"/>
        <line num="50" count="2" type="stmt"/>
        <line num="51" count="2" type="stmt"/>
        <line num="52" count="2" type="stmt"/>
      </file>
    </package>
    <package name="src.adapters">
      <metrics statements="17" coveredstatements="17" conditionals="8" coveredconditionals="6" methods="12" coveredmethods="12"/>
      <file name="cache.ts" path="/home/waqasbelushi/dynamic-orm/src/adapters/cache.ts">
        <metrics statements="9" coveredstatements="9" conditionals="2" coveredconditionals="0" methods="9" coveredmethods="9"/>
        <line num="6" count="2" type="stmt"/>
        <line num="10" count="5" type="stmt"/>
        <line num="14" count="1" type="stmt"/>
        <line num="18" count="1" type="stmt"/>
        <line num="22" count="1" type="stmt"/>
        <line num="26" count="1" type="stmt"/>
        <line num="33" count="2" type="stmt"/>
        <line num="35" count="1" type="stmt"/>
        <line num="47" count="1" type="stmt"/>
      </file>
      <file name="database.ts" path="/home/waqasbelushi/dynamic-orm/src/adapters/database.ts">
        <metrics statements="8" coveredstatements="8" conditionals="6" coveredconditionals="6" methods="3" coveredmethods="3"/>
        <line num="6" count="2" type="stmt"/>
        <line num="10" count="7" type="stmt"/>
        <line num="14" count="2" type="cond" truecount="3" falsecount="0"/>
        <line num="15" count="1" type="stmt"/>
        <line num="17" count="1" type="stmt"/>
        <line num="21" count="2" type="cond" truecount="3" falsecount="0"/>
        <line num="22" count="1" type="stmt"/>
        <line num="24" count="1" type="stmt"/>
      </file>
    </package>
  </project>
</coverage>
