{"/home/waqasbelushi/dynamic-orm/src/DynamicModel.ts": {"path":"/home/waqasbelushi/dynamic-orm/src/DynamicModel.ts","statementMap":{"0":{"start":{"line":1,"column":0},"end":{"line":1,"column":36}},"1":{"start":{"line":14,"column":30},"end":{"line":19,"column":2}},"2":{"start":{"line":15,"column":46},"end":{"line":15,"column":77}},"3":{"start":{"line":16,"column":45},"end":{"line":16,"column":75}},"4":{"start":{"line":17,"column":45},"end":{"line":17,"column":75}},"5":{"start":{"line":18,"column":46},"end":{"line":18,"column":77}},"6":{"start":{"line":50,"column":4},"end":{"line":50,"column":23}},"7":{"start":{"line":51,"column":4},"end":{"line":51,"column":46}},"8":{"start":{"line":52,"column":4},"end":{"line":52,"column":45}},"9":{"start":{"line":53,"column":4},"end":{"line":53,"column":49}},"10":{"start":{"line":54,"column":4},"end":{"line":54,"column":52}},"11":{"start":{"line":55,"column":4},"end":{"line":55,"column":45}},"12":{"start":{"line":56,"column":4},"end":{"line":56,"column":59}},"13":{"start":{"line":57,"column":4},"end":{"line":57,"column":17}},"14":{"start":{"line":58,"column":4},"end":{"line":58,"column":23}},"15":{"start":{"line":59,"column":4},"end":{"line":59,"column":50}},"16":{"start":{"line":67,"column":4},"end":{"line":69,"column":5}},"17":{"start":{"line":68,"column":7},"end":{"line":68,"column":42}},"18":{"start":{"line":72,"column":25},"end":{"line":73,"column":85}},"19":{"start":{"line":73,"column":6},"end":{"line":73,"column":84}},"20":{"start":{"line":75,"column":20},"end":{"line":75,"column":90}},"21":{"start":{"line":76,"column":17},"end":{"line":76,"column":51}},"22":{"start":{"line":77,"column":19},"end":{"line":77,"column":55}},"23":{"start":{"line":78,"column":23},"end":{"line":78,"column":63}},"24":{"start":{"line":79,"column":19},"end":{"line":79,"column":55}},"25":{"start":{"line":80,"column":22},"end":{"line":80,"column":61}},"26":{"start":{"line":83,"column":21},"end":{"line":83,"column":109}},"27":{"start":{"line":86,"column":17},"end":{"line":86,"column":21}},"28":{"start":{"line":87,"column":4},"end":{"line":98,"column":5}},"29":{"start":{"line":88,"column":6},"end":{"line":97,"column":7}},"30":{"start":{"line":89,"column":8},"end":{"line":89,"column":48}},"31":{"start":{"line":90,"column":8},"end":{"line":92,"column":9}},"32":{"start":{"line":91,"column":10},"end":{"line":91,"column":36}},"33":{"start":{"line":95,"column":8},"end":{"line":95,"column":81}},"34":{"start":{"line":100,"column":4},"end":{"line":475,"column":5}},"35":{"start":{"line":102,"column":26},"end":{"line":102,"column":28}},"36":{"start":{"line":103,"column":33},"end":{"line":103,"column":35}},"37":{"start":{"line":104,"column":24},"end":{"line":104,"column":26}},"38":{"start":{"line":105,"column":28},"end":{"line":105,"column":30}},"39":{"start":{"line":106,"column":20},"end":{"line":106,"column":22}},"40":{"start":{"line":107,"column":49},"end":{"line":107,"column":51}},"41":{"start":{"line":108,"column":27},"end":{"line":108,"column":31}},"42":{"start":{"line":111,"column":6},"end":{"line":111,"column":48}},"43":{"start":{"line":114,"column":6},"end":{"line":182,"column":7}},"44":{"start":{"line":115,"column":24},"end":{"line":115,"column":25}},"45":{"start":{"line":117,"column":8},"end":{"line":176,"column":9}},"46":{"start":{"line":118,"column":10},"end":{"line":118,"column":64}},"47":{"start":{"line":118,"column":55},"end":{"line":118,"column":64}},"48":{"start":{"line":120,"column":27},"end":{"line":120,"column":66}},"49":{"start":{"line":121,"column":27},"end":{"line":121,"column":42}},"50":{"start":{"line":122,"column":27},"end":{"line":122,"column":63}},"51":{"start":{"line":123,"column":21},"end":{"line":123,"column":50}},"52":{"start":{"line":126,"column":10},"end":{"line":126,"column":50}},"53":{"start":{"line":129,"column":10},"end":{"line":129,"column":141}},"54":{"start":{"line":132,"column":10},"end":{"line":173,"column":11}},"55":{"start":{"line":133,"column":12},"end":{"line":172,"column":13}},"56":{"start":{"line":135,"column":14},"end":{"line":171,"column":15}},"57":{"start":{"line":136,"column":16},"end":{"line":136,"column":62}},"58":{"start":{"line":137,"column":21},"end":{"line":171,"column":15}},"59":{"start":{"line":138,"column":16},"end":{"line":144,"column":17}},"60":{"start":{"line":139,"column":18},"end":{"line":139,"column":43}},"61":{"start":{"line":141,"column":39},"end":{"line":141,"column":70}},"62":{"start":{"line":141,"column":55},"end":{"line":141,"column":58}},"63":{"start":{"line":142,"column":18},"end":{"line":142,"column":77}},"64":{"start":{"line":143,"column":18},"end":{"line":143,"column":40}},"65":{"start":{"line":145,"column":21},"end":{"line":171,"column":15}},"66":{"start":{"line":146,"column":16},"end":{"line":167,"column":17}},"67":{"start":{"line":148,"column":18},"end":{"line":157,"column":19}},"68":{"start":{"line":149,"column":31},"end":{"line":149,"column":43}},"69":{"start":{"line":149,"column":44},"end":{"line":149,"column":50}},"70":{"start":{"line":150,"column":31},"end":{"line":150,"column":43}},"71":{"start":{"line":150,"column":44},"end":{"line":150,"column":50}},"72":{"start":{"line":151,"column":32},"end":{"line":151,"column":45}},"73":{"start":{"line":151,"column":46},"end":{"line":151,"column":52}},"74":{"start":{"line":152,"column":32},"end":{"line":152,"column":45}},"75":{"start":{"line":152,"column":46},"end":{"line":152,"column":52}},"76":{"start":{"line":153,"column":31},"end":{"line":153,"column":44}},"77":{"start":{"line":153,"column":45},"end":{"line":153,"column":51}},"78":{"start":{"line":154,"column":33},"end":{"line":154,"column":48}},"79":{"start":{"line":154,"column":49},"end":{"line":154,"column":55}},"80":{"start":{"line":155,"column":34},"end":{"line":155,"column":50}},"81":{"start":{"line":155,"column":51},"end":{"line":155,"column":57}},"82":{"start":{"line":156,"column":29},"end":{"line":156,"column":41}},"83":{"start":{"line":159,"column":18},"end":{"line":166,"column":19}},"84":{"start":{"line":160,"column":20},"end":{"line":160,"column":70}},"85":{"start":{"line":161,"column":25},"end":{"line":166,"column":19}},"86":{"start":{"line":162,"column":20},"end":{"line":162,"column":66}},"87":{"start":{"line":164,"column":20},"end":{"line":164,"column":69}},"88":{"start":{"line":165,"column":20},"end":{"line":165,"column":37}},"89":{"start":{"line":169,"column":16},"end":{"line":169,"column":58}},"90":{"start":{"line":170,"column":16},"end":{"line":170,"column":35}},"91":{"start":{"line":175,"column":10},"end":{"line":175,"column":22}},"92":{"start":{"line":179,"column":8},"end":{"line":181,"column":9}},"93":{"start":{"line":180,"column":10},"end":{"line":180,"column":68}},"94":{"start":{"line":185,"column":6},"end":{"line":204,"column":7}},"95":{"start":{"line":186,"column":33},"end":{"line":199,"column":10}},"96":{"start":{"line":187,"column":27},"end":{"line":187,"column":45}},"97":{"start":{"line":189,"column":10},"end":{"line":198,"column":11}},"98":{"start":{"line":190,"column":30},"end":{"line":190,"column":58}},"99":{"start":{"line":191,"column":31},"end":{"line":191,"column":60}},"100":{"start":{"line":192,"column":31},"end":{"line":192,"column":72}},"101":{"start":{"line":193,"column":12},"end":{"line":193,"column":39}},"102":{"start":{"line":194,"column":12},"end":{"line":194,"column":56}},"103":{"start":{"line":196,"column":12},"end":{"line":196,"column":39}},"104":{"start":{"line":197,"column":12},"end":{"line":197,"column":55}},"105":{"start":{"line":201,"column":8},"end":{"line":203,"column":9}},"106":{"start":{"line":202,"column":10},"end":{"line":202,"column":64}},"107":{"start":{"line":207,"column":6},"end":{"line":259,"column":7}},"108":{"start":{"line":208,"column":8},"end":{"line":258,"column":9}},"109":{"start":{"line":210,"column":27},"end":{"line":210,"column":43}},"110":{"start":{"line":211,"column":27},"end":{"line":211,"column":41}},"111":{"start":{"line":212,"column":27},"end":{"line":212,"column":30}},"112":{"start":{"line":214,"column":10},"end":{"line":218,"column":11}},"113":{"start":{"line":215,"column":30},"end":{"line":215,"column":56}},"114":{"start":{"line":216,"column":12},"end":{"line":216,"column":53}},"115":{"start":{"line":217,"column":12},"end":{"line":217,"column":67}},"116":{"start":{"line":221,"column":10},"end":{"line":257,"column":11}},"117":{"start":{"line":222,"column":12},"end":{"line":222,"column":67}},"118":{"start":{"line":223,"column":17},"end":{"line":257,"column":11}},"119":{"start":{"line":224,"column":12},"end":{"line":230,"column":13}},"120":{"start":{"line":225,"column":14},"end":{"line":225,"column":39}},"121":{"start":{"line":227,"column":35},"end":{"line":227,"column":66}},"122":{"start":{"line":227,"column":51},"end":{"line":227,"column":54}},"123":{"start":{"line":228,"column":14},"end":{"line":228,"column":82}},"124":{"start":{"line":229,"column":14},"end":{"line":229,"column":36}},"125":{"start":{"line":231,"column":17},"end":{"line":257,"column":11}},"126":{"start":{"line":232,"column":12},"end":{"line":253,"column":13}},"127":{"start":{"line":234,"column":14},"end":{"line":243,"column":15}},"128":{"start":{"line":235,"column":27},"end":{"line":235,"column":39}},"129":{"start":{"line":235,"column":40},"end":{"line":235,"column":46}},"130":{"start":{"line":236,"column":27},"end":{"line":236,"column":39}},"131":{"start":{"line":236,"column":40},"end":{"line":236,"column":46}},"132":{"start":{"line":237,"column":28},"end":{"line":237,"column":41}},"133":{"start":{"line":237,"column":42},"end":{"line":237,"column":48}},"134":{"start":{"line":238,"column":28},"end":{"line":238,"column":41}},"135":{"start":{"line":238,"column":42},"end":{"line":238,"column":48}},"136":{"start":{"line":239,"column":27},"end":{"line":239,"column":40}},"137":{"start":{"line":239,"column":41},"end":{"line":239,"column":47}},"138":{"start":{"line":240,"column":29},"end":{"line":240,"column":44}},"139":{"start":{"line":240,"column":45},"end":{"line":240,"column":51}},"140":{"start":{"line":241,"column":30},"end":{"line":241,"column":46}},"141":{"start":{"line":241,"column":47},"end":{"line":241,"column":53}},"142":{"start":{"line":242,"column":25},"end":{"line":242,"column":37}},"143":{"start":{"line":245,"column":14},"end":{"line":252,"column":15}},"144":{"start":{"line":246,"column":16},"end":{"line":246,"column":75}},"145":{"start":{"line":247,"column":21},"end":{"line":252,"column":15}},"146":{"start":{"line":248,"column":16},"end":{"line":248,"column":71}},"147":{"start":{"line":250,"column":16},"end":{"line":250,"column":74}},"148":{"start":{"line":251,"column":16},"end":{"line":251,"column":33}},"149":{"start":{"line":255,"column":12},"end":{"line":255,"column":63}},"150":{"start":{"line":256,"column":12},"end":{"line":256,"column":31}},"151":{"start":{"line":261,"column":6},"end":{"line":263,"column":7}},"152":{"start":{"line":262,"column":8},"end":{"line":262,"column":58}},"153":{"start":{"line":266,"column":25},"end":{"line":266,"column":27}},"154":{"start":{"line":268,"column":6},"end":{"line":324,"column":7}},"155":{"start":{"line":270,"column":38},"end":{"line":270,"column":40}},"156":{"start":{"line":273,"column":8},"end":{"line":281,"column":9}},"157":{"start":{"line":274,"column":10},"end":{"line":278,"column":11}},"158":{"start":{"line":275,"column":12},"end":{"line":275,"column":60}},"159":{"start":{"line":276,"column":17},"end":{"line":278,"column":11}},"160":{"start":{"line":277,"column":12},"end":{"line":277,"column":83}},"161":{"start":{"line":277,"column":45},"end":{"line":277,"column":69}},"162":{"start":{"line":280,"column":10},"end":{"line":280,"column":50}},"163":{"start":{"line":284,"column":8},"end":{"line":305,"column":9}},"164":{"start":{"line":285,"column":10},"end":{"line":285,"column":40}},"165":{"start":{"line":285,"column":31},"end":{"line":285,"column":40}},"166":{"start":{"line":287,"column":27},"end":{"line":287,"column":55}},"167":{"start":{"line":288,"column":21},"end":{"line":288,"column":50}},"168":{"start":{"line":291,"column":33},"end":{"line":291,"column":55}},"169":{"start":{"line":292,"column":29},"end":{"line":292,"column":31}},"170":{"start":{"line":294,"column":10},"end":{"line":300,"column":11}},"171":{"start":{"line":295,"column":12},"end":{"line":295,"column":43}},"172":{"start":{"line":296,"column":17},"end":{"line":300,"column":11}},"173":{"start":{"line":297,"column":12},"end":{"line":297,"column":98}},"174":{"start":{"line":297,"column":51},"end":{"line":297,"column":85}},"175":{"start":{"line":298,"column":17},"end":{"line":300,"column":11}},"176":{"start":{"line":299,"column":12},"end":{"line":299,"column":88}},"177":{"start":{"line":302,"column":10},"end":{"line":304,"column":11}},"178":{"start":{"line":303,"column":12},"end":{"line":303,"column":43}},"179":{"start":{"line":307,"column":8},"end":{"line":307,"column":46}},"180":{"start":{"line":310,"column":8},"end":{"line":310,"column":55}},"181":{"start":{"line":313,"column":8},"end":{"line":323,"column":9}},"182":{"start":{"line":315,"column":10},"end":{"line":322,"column":11}},"183":{"start":{"line":317,"column":12},"end":{"line":319,"column":26}},"184":{"start":{"line":318,"column":28},"end":{"line":318,"column":63}},"185":{"start":{"line":321,"column":12},"end":{"line":321,"column":49}},"186":{"start":{"line":327,"column":26},"end":{"line":327,"column":28}},"187":{"start":{"line":328,"column":6},"end":{"line":380,"column":7}},"188":{"start":{"line":329,"column":35},"end":{"line":329,"column":37}},"189":{"start":{"line":331,"column":8},"end":{"line":375,"column":9}},"190":{"start":{"line":332,"column":28},"end":{"line":332,"column":65}},"191":{"start":{"line":333,"column":24},"end":{"line":333,"column":71}},"192":{"start":{"line":334,"column":27},"end":{"line":334,"column":45}},"193":{"start":{"line":335,"column":27},"end":{"line":335,"column":41}},"194":{"start":{"line":336,"column":27},"end":{"line":336,"column":32}},"195":{"start":{"line":338,"column":10},"end":{"line":342,"column":11}},"196":{"start":{"line":339,"column":30},"end":{"line":339,"column":58}},"197":{"start":{"line":340,"column":12},"end":{"line":340,"column":55}},"198":{"start":{"line":341,"column":12},"end":{"line":341,"column":67}},"199":{"start":{"line":344,"column":10},"end":{"line":344,"column":70}},"200":{"start":{"line":345,"column":15},"end":{"line":375,"column":9}},"201":{"start":{"line":346,"column":10},"end":{"line":360,"column":13}},"202":{"start":{"line":347,"column":30},"end":{"line":347,"column":68}},"203":{"start":{"line":348,"column":30},"end":{"line":348,"column":80}},"204":{"start":{"line":349,"column":29},"end":{"line":349,"column":51}},"205":{"start":{"line":350,"column":29},"end":{"line":350,"column":43}},"206":{"start":{"line":351,"column":29},"end":{"line":351,"column":38}},"207":{"start":{"line":353,"column":12},"end":{"line":357,"column":13}},"208":{"start":{"line":354,"column":32},"end":{"line":354,"column":64}},"209":{"start":{"line":355,"column":14},"end":{"line":355,"column":61}},"210":{"start":{"line":356,"column":14},"end":{"line":356,"column":69}},"211":{"start":{"line":359,"column":12},"end":{"line":359,"column":62}},"212":{"start":{"line":361,"column":15},"end":{"line":375,"column":9}},"213":{"start":{"line":362,"column":10},"end":{"line":374,"column":13}},"214":{"start":{"line":363,"column":29},"end":{"line":363,"column":47}},"215":{"start":{"line":364,"column":29},"end":{"line":364,"column":43}},"216":{"start":{"line":365,"column":29},"end":{"line":365,"column":34}},"217":{"start":{"line":367,"column":12},"end":{"line":371,"column":13}},"218":{"start":{"line":368,"column":32},"end":{"line":368,"column":60}},"219":{"start":{"line":369,"column":14},"end":{"line":369,"column":57}},"220":{"start":{"line":370,"column":14},"end":{"line":370,"column":69}},"221":{"start":{"line":373,"column":12},"end":{"line":373,"column":123}},"222":{"start":{"line":377,"column":8},"end":{"line":379,"column":9}},"223":{"start":{"line":378,"column":10},"end":{"line":378,"column":62}},"224":{"start":{"line":383,"column":24},"end":{"line":383,"column":26}},"225":{"start":{"line":384,"column":25},"end":{"line":384,"column":27}},"226":{"start":{"line":385,"column":17},"end":{"line":385,"column":18}},"227":{"start":{"line":386,"column":18},"end":{"line":386,"column":19}},"228":{"start":{"line":387,"column":19},"end":{"line":387,"column":20}},"229":{"start":{"line":389,"column":6},"end":{"line":398,"column":7}},"230":{"start":{"line":390,"column":8},"end":{"line":390,"column":66}},"231":{"start":{"line":391,"column":8},"end":{"line":393,"column":28}},"232":{"start":{"line":395,"column":8},"end":{"line":395,"column":36}},"233":{"start":{"line":396,"column":8},"end":{"line":396,"column":39}},"234":{"start":{"line":397,"column":8},"end":{"line":397,"column":42}},"235":{"start":{"line":401,"column":25},"end":{"line":403,"column":48}},"236":{"start":{"line":406,"column":18},"end":{"line":406,"column":19}},"237":{"start":{"line":407,"column":6},"end":{"line":426,"column":7}},"238":{"start":{"line":410,"column":8},"end":{"line":422,"column":9}},"239":{"start":{"line":411,"column":10},"end":{"line":415,"column":12}},"240":{"start":{"line":417,"column":10},"end":{"line":421,"column":12}},"241":{"start":{"line":424,"column":30},"end":{"line":424,"column":71}},"242":{"start":{"line":425,"column":8},"end":{"line":425,"column":44}},"243":{"start":{"line":429,"column":24},"end":{"line":437,"column":8}},"244":{"start":{"line":439,"column":22},"end":{"line":439,"column":62}},"245":{"start":{"line":442,"column":17},"end":{"line":442,"column":24}},"246":{"start":{"line":444,"column":6},"end":{"line":447,"column":7}},"247":{"start":{"line":446,"column":8},"end":{"line":446,"column":66}},"248":{"start":{"line":450,"column":21},"end":{"line":459,"column":8}},"249":{"start":{"line":462,"column":6},"end":{"line":469,"column":7}},"250":{"start":{"line":463,"column":8},"end":{"line":468,"column":9}},"251":{"start":{"line":464,"column":10},"end":{"line":464,"column":86}},"252":{"start":{"line":467,"column":10},"end":{"line":467,"column":94}},"253":{"start":{"line":471,"column":6},"end":{"line":471,"column":20}},"254":{"start":{"line":473,"column":6},"end":{"line":473,"column":65}},"255":{"start":{"line":474,"column":6},"end":{"line":474,"column":18}},"256":{"start":{"line":480,"column":4},"end":{"line":480,"column":33}},"257":{"start":{"line":488,"column":4},"end":{"line":490,"column":5}},"258":{"start":{"line":489,"column":6},"end":{"line":489,"column":21}},"259":{"start":{"line":492,"column":19},"end":{"line":492,"column":31}},"260":{"start":{"line":493,"column":71},"end":{"line":493,"column":73}},"261":{"start":{"line":496,"column":4},"end":{"line":500,"column":5}},"262":{"start":{"line":497,"column":6},"end":{"line":499,"column":7}},"263":{"start":{"line":498,"column":8},"end":{"line":498,"column":51}},"264":{"start":{"line":503,"column":4},"end":{"line":592,"column":5}},"265":{"start":{"line":504,"column":20},"end":{"line":504,"column":34}},"266":{"start":{"line":505,"column":25},"end":{"line":505,"column":44}},"267":{"start":{"line":506,"column":17},"end":{"line":506,"column":37}},"268":{"start":{"line":507,"column":19},"end":{"line":507,"column":41}},"269":{"start":{"line":508,"column":21},"end":{"line":508,"column":36}},"270":{"start":{"line":511,"column":24},"end":{"line":513,"column":37}},"271":{"start":{"line":512,"column":21},"end":{"line":512,"column":89}},"272":{"start":{"line":513,"column":18},"end":{"line":513,"column":36}},"273":{"start":{"line":515,"column":6},"end":{"line":517,"column":7}},"274":{"start":{"line":516,"column":8},"end":{"line":516,"column":17}},"275":{"start":{"line":520,"column":27},"end":{"line":520,"column":58}},"276":{"start":{"line":521,"column":20},"end":{"line":521,"column":121}},"277":{"start":{"line":521,"column":104},"end":{"line":521,"column":107}},"278":{"start":{"line":523,"column":6},"end":{"line":591,"column":7}},"279":{"start":{"line":525,"column":31},"end":{"line":525,"column":70}},"280":{"start":{"line":528,"column":8},"end":{"line":581,"column":9}},"281":{"start":{"line":529,"column":27},"end":{"line":529,"column":42}},"282":{"start":{"line":531,"column":10},"end":{"line":580,"column":11}},"283":{"start":{"line":533,"column":12},"end":{"line":535,"column":13}},"284":{"start":{"line":534,"column":14},"end":{"line":534,"column":69}},"285":{"start":{"line":538,"column":12},"end":{"line":579,"column":13}},"286":{"start":{"line":539,"column":14},"end":{"line":539,"column":51}},"287":{"start":{"line":542,"column":35},"end":{"line":542,"column":40}},"288":{"start":{"line":543,"column":53},"end":{"line":543,"column":55}},"289":{"start":{"line":546,"column":14},"end":{"line":564,"column":15}},"290":{"start":{"line":547,"column":16},"end":{"line":553,"column":17}},"291":{"start":{"line":548,"column":38},"end":{"line":548,"column":50}},"292":{"start":{"line":549,"column":18},"end":{"line":552,"column":19}},"293":{"start":{"line":550,"column":20},"end":{"line":550,"column":62}},"294":{"start":{"line":551,"column":20},"end":{"line":551,"column":42}},"295":{"start":{"line":555,"column":16},"end":{"line":557,"column":17}},"296":{"start":{"line":556,"column":18},"end":{"line":556,"column":58}},"297":{"start":{"line":560,"column":16},"end":{"line":563,"column":17}},"298":{"start":{"line":561,"column":18},"end":{"line":561,"column":60}},"299":{"start":{"line":562,"column":18},"end":{"line":562,"column":40}},"300":{"start":{"line":567,"column":14},"end":{"line":578,"column":15}},"301":{"start":{"line":569,"column":16},"end":{"line":574,"column":17}},"302":{"start":{"line":570,"column":38},"end":{"line":570,"column":47}},"303":{"start":{"line":571,"column":18},"end":{"line":571,"column":64}},"304":{"start":{"line":573,"column":18},"end":{"line":573,"column":57}},"305":{"start":{"line":577,"column":16},"end":{"line":577,"column":48}},"306":{"start":{"line":584,"column":8},"end":{"line":588,"column":9}},"307":{"start":{"line":585,"column":10},"end":{"line":587,"column":11}},"308":{"start":{"line":586,"column":12},"end":{"line":586,"column":67}},"309":{"start":{"line":590,"column":8},"end":{"line":590,"column":94}},"310":{"start":{"line":595,"column":4},"end":{"line":602,"column":5}},"311":{"start":{"line":596,"column":6},"end":{"line":601,"column":7}},"312":{"start":{"line":597,"column":25},"end":{"line":597,"column":48}},"313":{"start":{"line":598,"column":8},"end":{"line":600,"column":9}},"314":{"start":{"line":599,"column":10},"end":{"line":599,"column":56}},"315":{"start":{"line":604,"column":4},"end":{"line":604,"column":18}},"316":{"start":{"line":611,"column":4},"end":{"line":611,"column":25}},"317":{"start":{"line":611,"column":13},"end":{"line":611,"column":25}},"318":{"start":{"line":613,"column":21},"end":{"line":613,"column":68}},"319":{"start":{"line":616,"column":17},"end":{"line":616,"column":21}},"320":{"start":{"line":617,"column":4},"end":{"line":628,"column":5}},"321":{"start":{"line":618,"column":6},"end":{"line":627,"column":7}},"322":{"start":{"line":619,"column":8},"end":{"line":619,"column":48}},"323":{"start":{"line":620,"column":8},"end":{"line":622,"column":9}},"324":{"start":{"line":621,"column":10},"end":{"line":621,"column":36}},"325":{"start":{"line":625,"column":8},"end":{"line":625,"column":82}},"326":{"start":{"line":630,"column":4},"end":{"line":651,"column":5}},"327":{"start":{"line":631,"column":27},"end":{"line":631,"column":58}},"328":{"start":{"line":632,"column":20},"end":{"line":632,"column":92}},"329":{"start":{"line":633,"column":22},"end":{"line":633,"column":56}},"330":{"start":{"line":635,"column":21},"end":{"line":635,"column":59}},"331":{"start":{"line":638,"column":6},"end":{"line":645,"column":7}},"332":{"start":{"line":639,"column":8},"end":{"line":644,"column":9}},"333":{"start":{"line":640,"column":10},"end":{"line":640,"column":86}},"334":{"start":{"line":643,"column":10},"end":{"line":643,"column":95}},"335":{"start":{"line":647,"column":6},"end":{"line":647,"column":20}},"336":{"start":{"line":649,"column":6},"end":{"line":649,"column":66}},"337":{"start":{"line":650,"column":6},"end":{"line":650,"column":18}},"338":{"start":{"line":658,"column":17},"end":{"line":658,"column":21}},"339":{"start":{"line":659,"column":21},"end":{"line":659,"column":81}},"340":{"start":{"line":661,"column":4},"end":{"line":670,"column":5}},"341":{"start":{"line":662,"column":6},"end":{"line":669,"column":7}},"342":{"start":{"line":663,"column":8},"end":{"line":663,"column":48}},"343":{"start":{"line":664,"column":8},"end":{"line":666,"column":9}},"344":{"start":{"line":665,"column":10},"end":{"line":665,"column":36}},"345":{"start":{"line":668,"column":8},"end":{"line":668,"column":93}},"346":{"start":{"line":672,"column":4},"end":{"line":692,"column":5}},"347":{"start":{"line":673,"column":27},"end":{"line":673,"column":58}},"348":{"start":{"line":674,"column":20},"end":{"line":674,"column":90}},"349":{"start":{"line":675,"column":22},"end":{"line":675,"column":59}},"350":{"start":{"line":677,"column":21},"end":{"line":677,"column":59}},"351":{"start":{"line":680,"column":6},"end":{"line":686,"column":7}},"352":{"start":{"line":681,"column":8},"end":{"line":685,"column":9}},"353":{"start":{"line":682,"column":10},"end":{"line":682,"column":86}},"354":{"start":{"line":684,"column":10},"end":{"line":684,"column":95}},"355":{"start":{"line":688,"column":6},"end":{"line":688,"column":20}},"356":{"start":{"line":690,"column":6},"end":{"line":690,"column":69}},"357":{"start":{"line":691,"column":6},"end":{"line":691,"column":18}},"358":{"start":{"line":699,"column":4},"end":{"line":701,"column":5}},"359":{"start":{"line":700,"column":6},"end":{"line":700,"column":57}},"360":{"start":{"line":704,"column":4},"end":{"line":706,"column":5}},"361":{"start":{"line":705,"column":6},"end":{"line":705,"column":25}},"362":{"start":{"line":708,"column":4},"end":{"line":733,"column":5}},"363":{"start":{"line":709,"column":19},"end":{"line":709,"column":47}},"364":{"start":{"line":710,"column":21},"end":{"line":710,"column":40}},"365":{"start":{"line":711,"column":27},"end":{"line":711,"column":59}},"366":{"start":{"line":711,"column":44},"end":{"line":711,"column":47}},"367":{"start":{"line":713,"column":18},"end":{"line":713,"column":80}},"368":{"start":{"line":715,"column":6},"end":{"line":717,"column":7}},"369":{"start":{"line":716,"column":8},"end":{"line":716,"column":32}},"370":{"start":{"line":719,"column":21},"end":{"line":719,"column":57}},"371":{"start":{"line":722,"column":26},"end":{"line":722,"column":59}},"372":{"start":{"line":725,"column":6},"end":{"line":727,"column":7}},"373":{"start":{"line":726,"column":8},"end":{"line":726,"column":42}},"374":{"start":{"line":729,"column":6},"end":{"line":729,"column":25}},"375":{"start":{"line":731,"column":6},"end":{"line":731,"column":64}},"376":{"start":{"line":732,"column":6},"end":{"line":732,"column":18}},"377":{"start":{"line":740,"column":4},"end":{"line":742,"column":5}},"378":{"start":{"line":741,"column":6},"end":{"line":741,"column":40}},"379":{"start":{"line":744,"column":4},"end":{"line":746,"column":5}},"380":{"start":{"line":745,"column":6},"end":{"line":745,"column":64}},"381":{"start":{"line":748,"column":4},"end":{"line":776,"column":5}},"382":{"start":{"line":749,"column":22},"end":{"line":749,"column":77}},"383":{"start":{"line":749,"column":53},"end":{"line":749,"column":65}},"384":{"start":{"line":751,"column":18},"end":{"line":751,"column":84}},"385":{"start":{"line":753,"column":6},"end":{"line":755,"column":7}},"386":{"start":{"line":754,"column":8},"end":{"line":754,"column":32}},"387":{"start":{"line":757,"column":21},"end":{"line":757,"column":79}},"388":{"start":{"line":760,"column":6},"end":{"line":770,"column":7}},"389":{"start":{"line":761,"column":8},"end":{"line":769,"column":9}},"390":{"start":{"line":762,"column":10},"end":{"line":765,"column":13}},"391":{"start":{"line":768,"column":10},"end":{"line":768,"column":102}},"392":{"start":{"line":772,"column":6},"end":{"line":772,"column":76}},"393":{"start":{"line":774,"column":6},"end":{"line":774,"column":64}},"394":{"start":{"line":775,"column":6},"end":{"line":775,"column":18}},"395":{"start":{"line":783,"column":4},"end":{"line":785,"column":5}},"396":{"start":{"line":784,"column":6},"end":{"line":784,"column":40}},"397":{"start":{"line":787,"column":4},"end":{"line":816,"column":5}},"398":{"start":{"line":788,"column":26},"end":{"line":788,"column":30}},"399":{"start":{"line":791,"column":6},"end":{"line":794,"column":7}},"400":{"start":{"line":792,"column":8},"end":{"line":792,"column":48}},"401":{"start":{"line":793,"column":8},"end":{"line":793,"column":40}},"402":{"start":{"line":793,"column":28},"end":{"line":793,"column":40}},"403":{"start":{"line":796,"column":20},"end":{"line":796,"column":76}},"404":{"start":{"line":797,"column":21},"end":{"line":797,"column":55}},"405":{"start":{"line":800,"column":6},"end":{"line":810,"column":7}},"406":{"start":{"line":801,"column":8},"end":{"line":809,"column":9}},"407":{"start":{"line":802,"column":10},"end":{"line":805,"column":13}},"408":{"start":{"line":808,"column":10},"end":{"line":808,"column":102}},"409":{"start":{"line":812,"column":6},"end":{"line":812,"column":51}},"410":{"start":{"line":814,"column":6},"end":{"line":814,"column":64}},"411":{"start":{"line":815,"column":6},"end":{"line":815,"column":18}},"412":{"start":{"line":823,"column":21},"end":{"line":823,"column":62}},"413":{"start":{"line":826,"column":17},"end":{"line":826,"column":21}},"414":{"start":{"line":827,"column":4},"end":{"line":838,"column":5}},"415":{"start":{"line":828,"column":6},"end":{"line":837,"column":7}},"416":{"start":{"line":829,"column":8},"end":{"line":829,"column":48}},"417":{"start":{"line":830,"column":8},"end":{"line":832,"column":9}},"418":{"start":{"line":831,"column":10},"end":{"line":831,"column":34}},"419":{"start":{"line":835,"column":8},"end":{"line":835,"column":79}},"420":{"start":{"line":840,"column":4},"end":{"line":897,"column":5}},"421":{"start":{"line":842,"column":26},"end":{"line":842,"column":28}},"422":{"start":{"line":843,"column":33},"end":{"line":843,"column":35}},"423":{"start":{"line":845,"column":6},"end":{"line":875,"column":7}},"424":{"start":{"line":846,"column":8},"end":{"line":874,"column":9}},"425":{"start":{"line":847,"column":10},"end":{"line":847,"column":44}},"426":{"start":{"line":848,"column":15},"end":{"line":874,"column":9}},"427":{"start":{"line":849,"column":10},"end":{"line":855,"column":11}},"428":{"start":{"line":850,"column":12},"end":{"line":850,"column":37}},"429":{"start":{"line":852,"column":33},"end":{"line":852,"column":64}},"430":{"start":{"line":852,"column":49},"end":{"line":852,"column":52}},"431":{"start":{"line":853,"column":12},"end":{"line":853,"column":59}},"432":{"start":{"line":854,"column":12},"end":{"line":854,"column":34}},"433":{"start":{"line":856,"column":15},"end":{"line":874,"column":9}},"434":{"start":{"line":857,"column":10},"end":{"line":870,"column":11}},"435":{"start":{"line":859,"column":12},"end":{"line":867,"column":13}},"436":{"start":{"line":860,"column":25},"end":{"line":860,"column":37}},"437":{"start":{"line":860,"column":38},"end":{"line":860,"column":44}},"438":{"start":{"line":861,"column":25},"end":{"line":861,"column":37}},"439":{"start":{"line":861,"column":38},"end":{"line":861,"column":44}},"440":{"start":{"line":862,"column":26},"end":{"line":862,"column":39}},"441":{"start":{"line":862,"column":40},"end":{"line":862,"column":46}},"442":{"start":{"line":863,"column":26},"end":{"line":863,"column":39}},"443":{"start":{"line":863,"column":40},"end":{"line":863,"column":46}},"444":{"start":{"line":864,"column":25},"end":{"line":864,"column":38}},"445":{"start":{"line":864,"column":39},"end":{"line":864,"column":45}},"446":{"start":{"line":865,"column":27},"end":{"line":865,"column":42}},"447":{"start":{"line":865,"column":43},"end":{"line":865,"column":49}},"448":{"start":{"line":866,"column":23},"end":{"line":866,"column":35}},"449":{"start":{"line":868,"column":12},"end":{"line":868,"column":49}},"450":{"start":{"line":869,"column":12},"end":{"line":869,"column":29}},"451":{"start":{"line":872,"column":10},"end":{"line":872,"column":40}},"452":{"start":{"line":873,"column":10},"end":{"line":873,"column":29}},"453":{"start":{"line":877,"column":26},"end":{"line":877,"column":90}},"454":{"start":{"line":878,"column":20},"end":{"line":878,"column":80}},"455":{"start":{"line":880,"column":23},"end":{"line":880,"column":59}},"456":{"start":{"line":881,"column":20},"end":{"line":881,"column":42}},"457":{"start":{"line":884,"column":6},"end":{"line":891,"column":7}},"458":{"start":{"line":885,"column":8},"end":{"line":890,"column":9}},"459":{"start":{"line":886,"column":10},"end":{"line":886,"column":80}},"460":{"start":{"line":889,"column":10},"end":{"line":889,"column":92}},"461":{"start":{"line":893,"column":6},"end":{"line":893,"column":19}},"462":{"start":{"line":895,"column":6},"end":{"line":895,"column":63}},"463":{"start":{"line":896,"column":6},"end":{"line":896,"column":18}},"464":{"start":{"line":904,"column":4},"end":{"line":977,"column":7}},"465":{"start":{"line":906,"column":22},"end":{"line":966,"column":8}},"466":{"start":{"line":912,"column":10},"end":{"line":912,"column":49}},"467":{"start":{"line":916,"column":23},"end":{"line":916,"column":51}},"468":{"start":{"line":917,"column":25},"end":{"line":917,"column":44}},"469":{"start":{"line":918,"column":31},"end":{"line":918,"column":63}},"470":{"start":{"line":918,"column":48},"end":{"line":918,"column":51}},"471":{"start":{"line":920,"column":22},"end":{"line":920,"column":84}},"472":{"start":{"line":922,"column":10},"end":{"line":924,"column":11}},"473":{"start":{"line":923,"column":12},"end":{"line":923,"column":36}},"474":{"start":{"line":926,"column":25},"end":{"line":926,"column":58}},"475":{"start":{"line":927,"column":10},"end":{"line":927,"column":51}},"476":{"start":{"line":931,"column":26},"end":{"line":931,"column":79}},"477":{"start":{"line":931,"column":55},"end":{"line":931,"column":67}},"478":{"start":{"line":932,"column":22},"end":{"line":932,"column":88}},"479":{"start":{"line":934,"column":10},"end":{"line":936,"column":11}},"480":{"start":{"line":935,"column":12},"end":{"line":935,"column":36}},"481":{"start":{"line":938,"column":25},"end":{"line":938,"column":80}},"482":{"start":{"line":939,"column":10},"end":{"line":939,"column":80}},"483":{"start":{"line":943,"column":10},"end":{"line":955,"column":11}},"484":{"start":{"line":944,"column":26},"end":{"line":944,"column":84}},"485":{"start":{"line":945,"column":28},"end":{"line":945,"column":59}},"486":{"start":{"line":946,"column":27},"end":{"line":946,"column":65}},"487":{"start":{"line":948,"column":12},"end":{"line":948,"column":37}},"488":{"start":{"line":948,"column":25},"end":{"line":948,"column":37}},"489":{"start":{"line":950,"column":12},"end":{"line":950,"column":95}},"490":{"start":{"line":951,"column":12},"end":{"line":951,"column":26}},"491":{"start":{"line":953,"column":26},"end":{"line":953,"column":82}},"492":{"start":{"line":954,"column":12},"end":{"line":954,"column":51}},"493":{"start":{"line":959,"column":31},"end":{"line":959,"column":62}},"494":{"start":{"line":961,"column":24},"end":{"line":961,"column":96}},"495":{"start":{"line":962,"column":26},"end":{"line":962,"column":57}},"496":{"start":{"line":964,"column":10},"end":{"line":964,"column":56}},"497":{"start":{"line":969,"column":21},"end":{"line":969,"column":44}},"498":{"start":{"line":972,"column":6},"end":{"line":974,"column":7}},"499":{"start":{"line":973,"column":8},"end":{"line":973,"column":42}},"500":{"start":{"line":976,"column":6},"end":{"line":976,"column":20}},"501":{"start":{"line":984,"column":4},"end":{"line":989,"column":5}},"502":{"start":{"line":985,"column":6},"end":{"line":985,"column":48}},"503":{"start":{"line":987,"column":6},"end":{"line":987,"column":70}},"504":{"start":{"line":988,"column":6},"end":{"line":988,"column":18}},"505":{"start":{"line":996,"column":4},"end":{"line":996,"column":31}},"506":{"start":{"line":996,"column":24},"end":{"line":996,"column":31}},"507":{"start":{"line":998,"column":4},"end":{"line":1006,"column":5}},"508":{"start":{"line":999,"column":19},"end":{"line":999,"column":59}},"509":{"start":{"line":1000,"column":6},"end":{"line":1002,"column":7}},"510":{"start":{"line":1001,"column":8},"end":{"line":1001,"column":35}},"511":{"start":{"line":1004,"column":6},"end":{"line":1004,"column":78}},"512":{"start":{"line":1014,"column":4},"end":{"line":1014,"column":66}},"513":{"start":{"line":1022,"column":4},"end":{"line":1024,"column":5}},"514":{"start":{"line":1023,"column":6},"end":{"line":1023,"column":17}},"515":{"start":{"line":1026,"column":4},"end":{"line":1028,"column":5}},"516":{"start":{"line":1027,"column":6},"end":{"line":1027,"column":20}},"517":{"start":{"line":1030,"column":4},"end":{"line":1032,"column":5}},"518":{"start":{"line":1031,"column":6},"end":{"line":1031,"column":31}},"519":{"start":{"line":1034,"column":4},"end":{"line":1034,"column":15}},"520":{"start":{"line":25,"column":0},"end":{"line":25,"column":13}}},"fnMap":{"0":{"name":"(anonymous_0)","decl":{"start":{"line":15,"column":9},"end":{"line":15,"column":10}},"loc":{"start":{"line":15,"column":46},"end":{"line":15,"column":77}}},"1":{"name":"(anonymous_1)","decl":{"start":{"line":16,"column":8},"end":{"line":16,"column":9}},"loc":{"start":{"line":16,"column":45},"end":{"line":16,"column":75}}},"2":{"name":"(anonymous_2)","decl":{"start":{"line":17,"column":8},"end":{"line":17,"column":9}},"loc":{"start":{"line":17,"column":45},"end":{"line":17,"column":75}}},"3":{"name":"(anonymous_3)","decl":{"start":{"line":18,"column":9},"end":{"line":18,"column":10}},"loc":{"start":{"line":18,"column":46},"end":{"line":18,"column":77}}},"4":{"name":"(anonymous_4)","decl":{"start":{"line":44,"column":2},"end":{"line":44,"column":null}},"loc":{"start":{"line":48,"column":23},"end":{"line":60,"column":3}}},"5":{"name":"(anonymous_5)","decl":{"start":{"line":65,"column":2},"end":{"line":65,"column":7}},"loc":{"start":{"line":65,"column":42},"end":{"line":476,"column":3}}},"6":{"name":"(anonymous_6)","decl":{"start":{"line":72,"column":95},"end":{"line":72,"column":96}},"loc":{"start":{"line":73,"column":6},"end":{"line":73,"column":84}}},"7":{"name":"(anonymous_7)","decl":{"start":{"line":141,"column":49},"end":{"line":141,"column":52}},"loc":{"start":{"line":141,"column":55},"end":{"line":141,"column":58}}},"8":{"name":"(anonymous_8)","decl":{"start":{"line":186,"column":59},"end":{"line":186,"column":64}},"loc":{"start":{"line":186,"column":67},"end":{"line":199,"column":9}}},"9":{"name":"(anonymous_9)","decl":{"start":{"line":227,"column":45},"end":{"line":227,"column":48}},"loc":{"start":{"line":227,"column":51},"end":{"line":227,"column":54}}},"10":{"name":"(anonymous_10)","decl":{"start":{"line":277,"column":40},"end":{"line":277,"column":41}},"loc":{"start":{"line":277,"column":45},"end":{"line":277,"column":69}}},"11":{"name":"(anonymous_11)","decl":{"start":{"line":297,"column":46},"end":{"line":297,"column":47}},"loc":{"start":{"line":297,"column":51},"end":{"line":297,"column":85}}},"12":{"name":"(anonymous_12)","decl":{"start":{"line":318,"column":19},"end":{"line":318,"column":24}},"loc":{"start":{"line":318,"column":28},"end":{"line":318,"column":63}}},"13":{"name":"(anonymous_13)","decl":{"start":{"line":346,"column":32},"end":{"line":346,"column":37}},"loc":{"start":{"line":346,"column":40},"end":{"line":360,"column":11}}},"14":{"name":"(anonymous_14)","decl":{"start":{"line":362,"column":48},"end":{"line":362,"column":49}},"loc":{"start":{"line":362,"column":71},"end":{"line":374,"column":11}}},"15":{"name":"(anonymous_15)","decl":{"start":{"line":479,"column":2},"end":{"line":479,"column":7}},"loc":{"start":{"line":479,"column":41},"end":{"line":481,"column":3}}},"16":{"name":"(anonymous_16)","decl":{"start":{"line":487,"column":2},"end":{"line":487,"column":7}},"loc":{"start":{"line":487,"column":65},"end":{"line":605,"column":3}}},"17":{"name":"(anonymous_17)","decl":{"start":{"line":512,"column":16},"end":{"line":512,"column":17}},"loc":{"start":{"line":512,"column":21},"end":{"line":512,"column":89}}},"18":{"name":"(anonymous_18)","decl":{"start":{"line":513,"column":13},"end":{"line":513,"column":14}},"loc":{"start":{"line":513,"column":18},"end":{"line":513,"column":36}}},"19":{"name":"(anonymous_19)","decl":{"start":{"line":521,"column":98},"end":{"line":521,"column":101}},"loc":{"start":{"line":521,"column":104},"end":{"line":521,"column":107}}},"20":{"name":"(anonymous_20)","decl":{"start":{"line":610,"column":2},"end":{"line":610,"column":7}},"loc":{"start":{"line":610,"column":64},"end":{"line":652,"column":3}}},"21":{"name":"(anonymous_21)","decl":{"start":{"line":657,"column":2},"end":{"line":657,"column":7}},"loc":{"start":{"line":657,"column":73},"end":{"line":693,"column":3}}},"22":{"name":"(anonymous_22)","decl":{"start":{"line":698,"column":2},"end":{"line":698,"column":7}},"loc":{"start":{"line":698,"column":61},"end":{"line":734,"column":3}}},"23":{"name":"(anonymous_23)","decl":{"start":{"line":711,"column":38},"end":{"line":711,"column":41}},"loc":{"start":{"line":711,"column":44},"end":{"line":711,"column":47}}},"24":{"name":"(anonymous_24)","decl":{"start":{"line":739,"column":2},"end":{"line":739,"column":7}},"loc":{"start":{"line":739,"column":82},"end":{"line":777,"column":3}}},"25":{"name":"(anonymous_25)","decl":{"start":{"line":749,"column":44},"end":{"line":749,"column":45}},"loc":{"start":{"line":749,"column":53},"end":{"line":749,"column":65}}},"26":{"name":"(anonymous_26)","decl":{"start":{"line":782,"column":2},"end":{"line":782,"column":7}},"loc":{"start":{"line":782,"column":56},"end":{"line":817,"column":3}}},"27":{"name":"(anonymous_27)","decl":{"start":{"line":822,"column":2},"end":{"line":822,"column":7}},"loc":{"start":{"line":822,"column":35},"end":{"line":898,"column":3}}},"28":{"name":"(anonymous_28)","decl":{"start":{"line":852,"column":43},"end":{"line":852,"column":46}},"loc":{"start":{"line":852,"column":49},"end":{"line":852,"column":52}}},"29":{"name":"(anonymous_29)","decl":{"start":{"line":903,"column":2},"end":{"line":903,"column":7}},"loc":{"start":{"line":903,"column":65},"end":{"line":978,"column":3}}},"30":{"name":"(anonymous_30)","decl":{"start":{"line":904,"column":31},"end":{"line":904,"column":36}},"loc":{"start":{"line":904,"column":46},"end":{"line":977,"column":5}}},"31":{"name":"(anonymous_31)","decl":{"start":{"line":911,"column":22},"end":{"line":911,"column":27}},"loc":{"start":{"line":911,"column":80},"end":{"line":913,"column":9}}},"32":{"name":"(anonymous_32)","decl":{"start":{"line":915,"column":16},"end":{"line":915,"column":21}},"loc":{"start":{"line":915,"column":87},"end":{"line":928,"column":9}}},"33":{"name":"(anonymous_33)","decl":{"start":{"line":918,"column":42},"end":{"line":918,"column":45}},"loc":{"start":{"line":918,"column":48},"end":{"line":918,"column":51}}},"34":{"name":"(anonymous_34)","decl":{"start":{"line":930,"column":16},"end":{"line":930,"column":21}},"loc":{"start":{"line":930,"column":108},"end":{"line":940,"column":9}}},"35":{"name":"(anonymous_35)","decl":{"start":{"line":931,"column":48},"end":{"line":931,"column":51}},"loc":{"start":{"line":931,"column":55},"end":{"line":931,"column":67}}},"36":{"name":"(anonymous_36)","decl":{"start":{"line":942,"column":16},"end":{"line":942,"column":21}},"loc":{"start":{"line":942,"column":82},"end":{"line":956,"column":9}}},"37":{"name":"(anonymous_37)","decl":{"start":{"line":958,"column":18},"end":{"line":958,"column":23}},"loc":{"start":{"line":958,"column":90},"end":{"line":965,"column":9}}},"38":{"name":"(anonymous_38)","decl":{"start":{"line":983,"column":2},"end":{"line":983,"column":7}},"loc":{"start":{"line":983,"column":52},"end":{"line":990,"column":3}}},"39":{"name":"(anonymous_39)","decl":{"start":{"line":995,"column":2},"end":{"line":995,"column":7}},"loc":{"start":{"line":995,"column":28},"end":{"line":1007,"column":3}}},"40":{"name":"(anonymous_40)","decl":{"start":{"line":1013,"column":10},"end":{"line":1013,"column":24}},"loc":{"start":{"line":1013,"column":55},"end":{"line":1015,"column":3}}},"41":{"name":"(anonymous_41)","decl":{"start":{"line":1021,"column":10},"end":{"line":1021,"column":28}},"loc":{"start":{"line":1021,"column":62},"end":{"line":1035,"column":3}}}},"branchMap":{"0":{"loc":{"start":{"line":46,"column":4},"end":{"line":46,"column":37}},"type":"default-arg","locations":[{"start":{"line":46,"column":35},"end":{"line":46,"column":37}}]},"1":{"loc":{"start":{"line":51,"column":20},"end":{"line":51,"column":45}},"type":"binary-expr","locations":[{"start":{"line":51,"column":20},"end":{"line":51,"column":36}},{"start":{"line":51,"column":40},"end":{"line":51,"column":45}}]},"2":{"loc":{"start":{"line":52,"column":20},"end":{"line":52,"column":44}},"type":"binary-expr","locations":[{"start":{"line":52,"column":20},"end":{"line":52,"column":36}},{"start":{"line":52,"column":40},"end":{"line":52,"column":44}}]},"3":{"loc":{"start":{"line":53,"column":22},"end":{"line":53,"column":48}},"type":"binary-expr","locations":[{"start":{"line":53,"column":22},"end":{"line":53,"column":40}},{"start":{"line":53,"column":44},"end":{"line":53,"column":48}}]},"4":{"loc":{"start":{"line":54,"column":24},"end":{"line":54,"column":51}},"type":"binary-expr","locations":[{"start":{"line":54,"column":24},"end":{"line":54,"column":44}},{"start":{"line":54,"column":48},"end":{"line":54,"column":51}}]},"5":{"loc":{"start":{"line":55,"column":20},"end":{"line":55,"column":44}},"type":"binary-expr","locations":[{"start":{"line":55,"column":20},"end":{"line":55,"column":36}},{"start":{"line":55,"column":40},"end":{"line":55,"column":44}}]},"6":{"loc":{"start":{"line":56,"column":28},"end":{"line":56,"column":58}},"type":"binary-expr","locations":[{"start":{"line":56,"column":28},"end":{"line":56,"column":52}},{"start":{"line":56,"column":56},"end":{"line":56,"column":58}}]},"7":{"loc":{"start":{"line":59,"column":18},"end":{"line":59,"column":49}},"type":"binary-expr","locations":[{"start":{"line":59,"column":18},"end":{"line":59,"column":32}},{"start":{"line":59,"column":36},"end":{"line":59,"column":49}}]},"8":{"loc":{"start":{"line":65,"column":16},"end":{"line":65,"column":42}},"type":"default-arg","locations":[{"start":{"line":65,"column":40},"end":{"line":65,"column":42}}]},"9":{"loc":{"start":{"line":67,"column":4},"end":{"line":69,"column":5}},"type":"if","locations":[{"start":{"line":67,"column":4},"end":{"line":69,"column":5}}]},"10":{"loc":{"start":{"line":72,"column":25},"end":{"line":73,"column":85}},"type":"binary-expr","locations":[{"start":{"line":72,"column":25},"end":{"line":72,"column":33}},{"start":{"line":72,"column":37},"end":{"line":72,"column":64}},{"start":{"line":72,"column":68},"end":{"line":73,"column":85}}]},"11":{"loc":{"start":{"line":75,"column":20},"end":{"line":75,"column":90}},"type":"cond-expr","locations":[{"start":{"line":75,"column":35},"end":{"line":75,"column":64}},{"start":{"line":75,"column":68},"end":{"line":75,"column":89}}]},"12":{"loc":{"start":{"line":75,"column":68},"end":{"line":75,"column":89}},"type":"binary-expr","locations":[{"start":{"line":75,"column":68},"end":{"line":75,"column":83}},{"start":{"line":75,"column":87},"end":{"line":75,"column":89}}]},"13":{"loc":{"start":{"line":76,"column":17},"end":{"line":76,"column":51}},"type":"cond-expr","locations":[{"start":{"line":76,"column":32},"end":{"line":76,"column":36}},{"start":{"line":76,"column":39},"end":{"line":76,"column":51}}]},"14":{"loc":{"start":{"line":77,"column":19},"end":{"line":77,"column":55}},"type":"cond-expr","locations":[{"start":{"line":77,"column":34},"end":{"line":77,"column":38}},{"start":{"line":77,"column":41},"end":{"line":77,"column":55}}]},"15":{"loc":{"start":{"line":78,"column":23},"end":{"line":78,"column":63}},"type":"cond-expr","locations":[{"start":{"line":78,"column":38},"end":{"line":78,"column":42}},{"start":{"line":78,"column":45},"end":{"line":78,"column":63}}]},"16":{"loc":{"start":{"line":79,"column":19},"end":{"line":79,"column":55}},"type":"cond-expr","locations":[{"start":{"line":79,"column":34},"end":{"line":79,"column":38}},{"start":{"line":79,"column":41},"end":{"line":79,"column":55}}]},"17":{"loc":{"start":{"line":80,"column":22},"end":{"line":80,"column":61}},"type":"cond-expr","locations":[{"start":{"line":80,"column":37},"end":{"line":80,"column":41}},{"start":{"line":80,"column":44},"end":{"line":80,"column":61}}]},"18":{"loc":{"start":{"line":87,"column":4},"end":{"line":98,"column":5}},"type":"if","locations":[{"start":{"line":87,"column":4},"end":{"line":98,"column":5}}]},"19":{"loc":{"start":{"line":90,"column":8},"end":{"line":92,"column":9}},"type":"if","locations":[{"start":{"line":90,"column":8},"end":{"line":92,"column":9}}]},"20":{"loc":{"start":{"line":114,"column":6},"end":{"line":182,"column":7}},"type":"if","locations":[{"start":{"line":114,"column":6},"end":{"line":182,"column":7}}]},"21":{"loc":{"start":{"line":114,"column":10},"end":{"line":114,"column":71}},"type":"binary-expr","locations":[{"start":{"line":114,"column":10},"end":{"line":114,"column":19}},{"start":{"line":114,"column":23},"end":{"line":114,"column":47}},{"start":{"line":114,"column":51},"end":{"line":114,"column":71}}]},"22":{"loc":{"start":{"line":118,"column":10},"end":{"line":118,"column":64}},"type":"if","locations":[{"start":{"line":118,"column":10},"end":{"line":118,"column":64}}]},"23":{"loc":{"start":{"line":118,"column":14},"end":{"line":118,"column":53}},"type":"binary-expr","locations":[{"start":{"line":118,"column":14},"end":{"line":118,"column":29}},{"start":{"line":118,"column":33},"end":{"line":118,"column":53}}]},"24":{"loc":{"start":{"line":120,"column":28},"end":{"line":120,"column":51}},"type":"binary-expr","locations":[{"start":{"line":120,"column":28},"end":{"line":120,"column":41}},{"start":{"line":120,"column":45},"end":{"line":120,"column":51}}]},"25":{"loc":{"start":{"line":122,"column":27},"end":{"line":122,"column":63}},"type":"binary-expr","locations":[{"start":{"line":122,"column":27},"end":{"line":122,"column":44}},{"start":{"line":122,"column":48},"end":{"line":122,"column":63}}]},"26":{"loc":{"start":{"line":123,"column":21},"end":{"line":123,"column":50}},"type":"binary-expr","locations":[{"start":{"line":123,"column":21},"end":{"line":123,"column":32}},{"start":{"line":123,"column":36},"end":{"line":123,"column":50}}]},"27":{"loc":{"start":{"line":132,"column":10},"end":{"line":173,"column":11}},"type":"if","locations":[{"start":{"line":132,"column":10},"end":{"line":173,"column":11}}]},"28":{"loc":{"start":{"line":132,"column":14},"end":{"line":132,"column":70}},"type":"binary-expr","locations":[{"start":{"line":132,"column":14},"end":{"line":132,"column":30}},{"start":{"line":132,"column":34},"end":{"line":132,"column":70}}]},"29":{"loc":{"start":{"line":135,"column":14},"end":{"line":171,"column":15}},"type":"if","locations":[{"start":{"line":135,"column":14},"end":{"line":171,"column":15}},{"start":{"line":137,"column":21},"end":{"line":171,"column":15}}]},"30":{"loc":{"start":{"line":137,"column":21},"end":{"line":171,"column":15}},"type":"if","locations":[{"start":{"line":137,"column":21},"end":{"line":171,"column":15}},{"start":{"line":145,"column":21},"end":{"line":171,"column":15}}]},"31":{"loc":{"start":{"line":138,"column":16},"end":{"line":144,"column":17}},"type":"if","locations":[{"start":{"line":138,"column":16},"end":{"line":144,"column":17}},{"start":{"line":140,"column":23},"end":{"line":144,"column":17}}]},"32":{"loc":{"start":{"line":145,"column":21},"end":{"line":171,"column":15}},"type":"if","locations":[{"start":{"line":145,"column":21},"end":{"line":171,"column":15}},{"start":{"line":168,"column":21},"end":{"line":171,"column":15}}]},"33":{"loc":{"start":{"line":148,"column":18},"end":{"line":157,"column":19}},"type":"switch","locations":[{"start":{"line":149,"column":20},"end":{"line":149,"column":50}},{"start":{"line":150,"column":20},"end":{"line":150,"column":50}},{"start":{"line":151,"column":20},"end":{"line":151,"column":52}},{"start":{"line":152,"column":20},"end":{"line":152,"column":52}},{"start":{"line":153,"column":20},"end":{"line":153,"column":51}},{"start":{"line":154,"column":20},"end":{"line":154,"column":55}},{"start":{"line":155,"column":20},"end":{"line":155,"column":57}},{"start":{"line":156,"column":20},"end":{"line":156,"column":41}}]},"34":{"loc":{"start":{"line":159,"column":18},"end":{"line":166,"column":19}},"type":"if","locations":[{"start":{"line":159,"column":18},"end":{"line":166,"column":19}},{"start":{"line":161,"column":25},"end":{"line":166,"column":19}}]},"35":{"loc":{"start":{"line":159,"column":22},"end":{"line":159,"column":49}},"type":"binary-expr","locations":[{"start":{"line":159,"column":22},"end":{"line":159,"column":34}},{"start":{"line":159,"column":38},"end":{"line":159,"column":49}}]},"36":{"loc":{"start":{"line":161,"column":25},"end":{"line":166,"column":19}},"type":"if","locations":[{"start":{"line":161,"column":25},"end":{"line":166,"column":19}},{"start":{"line":163,"column":25},"end":{"line":166,"column":19}}]},"37":{"loc":{"start":{"line":179,"column":8},"end":{"line":181,"column":9}},"type":"if","locations":[{"start":{"line":179,"column":8},"end":{"line":181,"column":9}}]},"38":{"loc":{"start":{"line":185,"column":6},"end":{"line":204,"column":7}},"type":"if","locations":[{"start":{"line":185,"column":6},"end":{"line":204,"column":7}}]},"39":{"loc":{"start":{"line":185,"column":10},"end":{"line":185,"column":52}},"type":"binary-expr","locations":[{"start":{"line":185,"column":10},"end":{"line":185,"column":16}},{"start":{"line":185,"column":20},"end":{"line":185,"column":52}}]},"40":{"loc":{"start":{"line":189,"column":10},"end":{"line":198,"column":11}},"type":"if","locations":[{"start":{"line":189,"column":10},"end":{"line":198,"column":11}},{"start":{"line":195,"column":17},"end":{"line":198,"column":11}}]},"41":{"loc":{"start":{"line":192,"column":31},"end":{"line":192,"column":72}},"type":"binary-expr","locations":[{"start":{"line":192,"column":31},"end":{"line":192,"column":54}},{"start":{"line":192,"column":58},"end":{"line":192,"column":72}}]},"42":{"loc":{"start":{"line":201,"column":8},"end":{"line":203,"column":9}},"type":"if","locations":[{"start":{"line":201,"column":8},"end":{"line":203,"column":9}}]},"43":{"loc":{"start":{"line":207,"column":6},"end":{"line":259,"column":7}},"type":"if","locations":[{"start":{"line":207,"column":6},"end":{"line":259,"column":7}}]},"44":{"loc":{"start":{"line":207,"column":10},"end":{"line":207,"column":52}},"type":"binary-expr","locations":[{"start":{"line":207,"column":10},"end":{"line":207,"column":17}},{"start":{"line":207,"column":21},"end":{"line":207,"column":52}}]},"45":{"loc":{"start":{"line":214,"column":10},"end":{"line":218,"column":11}},"type":"if","locations":[{"start":{"line":214,"column":10},"end":{"line":218,"column":11}}]},"46":{"loc":{"start":{"line":217,"column":25},"end":{"line":217,"column":66}},"type":"binary-expr","locations":[{"start":{"line":217,"column":25},"end":{"line":217,"column":48}},{"start":{"line":217,"column":52},"end":{"line":217,"column":66}}]},"47":{"loc":{"start":{"line":221,"column":10},"end":{"line":257,"column":11}},"type":"if","locations":[{"start":{"line":221,"column":10},"end":{"line":257,"column":11}},{"start":{"line":223,"column":17},"end":{"line":257,"column":11}}]},"48":{"loc":{"start":{"line":223,"column":17},"end":{"line":257,"column":11}},"type":"if","locations":[{"start":{"line":223,"column":17},"end":{"line":257,"column":11}},{"start":{"line":231,"column":17},"end":{"line":257,"column":11}}]},"49":{"loc":{"start":{"line":224,"column":12},"end":{"line":230,"column":13}},"type":"if","locations":[{"start":{"line":224,"column":12},"end":{"line":230,"column":13}},{"start":{"line":226,"column":19},"end":{"line":230,"column":13}}]},"50":{"loc":{"start":{"line":231,"column":17},"end":{"line":257,"column":11}},"type":"if","locations":[{"start":{"line":231,"column":17},"end":{"line":257,"column":11}},{"start":{"line":254,"column":17},"end":{"line":257,"column":11}}]},"51":{"loc":{"start":{"line":234,"column":14},"end":{"line":243,"column":15}},"type":"switch","locations":[{"start":{"line":235,"column":16},"end":{"line":235,"column":46}},{"start":{"line":236,"column":16},"end":{"line":236,"column":46}},{"start":{"line":237,"column":16},"end":{"line":237,"column":48}},{"start":{"line":238,"column":16},"end":{"line":238,"column":48}},{"start":{"line":239,"column":16},"end":{"line":239,"column":47}},{"start":{"line":240,"column":16},"end":{"line":240,"column":51}},{"start":{"line":241,"column":16},"end":{"line":241,"column":53}},{"start":{"line":242,"column":16},"end":{"line":242,"column":37}}]},"52":{"loc":{"start":{"line":245,"column":14},"end":{"line":252,"column":15}},"type":"if","locations":[{"start":{"line":245,"column":14},"end":{"line":252,"column":15}},{"start":{"line":247,"column":21},"end":{"line":252,"column":15}}]},"53":{"loc":{"start":{"line":245,"column":18},"end":{"line":245,"column":45}},"type":"binary-expr","locations":[{"start":{"line":245,"column":18},"end":{"line":245,"column":30}},{"start":{"line":245,"column":34},"end":{"line":245,"column":45}}]},"54":{"loc":{"start":{"line":247,"column":21},"end":{"line":252,"column":15}},"type":"if","locations":[{"start":{"line":247,"column":21},"end":{"line":252,"column":15}},{"start":{"line":249,"column":21},"end":{"line":252,"column":15}}]},"55":{"loc":{"start":{"line":261,"column":6},"end":{"line":263,"column":7}},"type":"if","locations":[{"start":{"line":261,"column":6},"end":{"line":263,"column":7}}]},"56":{"loc":{"start":{"line":268,"column":6},"end":{"line":324,"column":7}},"type":"if","locations":[{"start":{"line":268,"column":6},"end":{"line":324,"column":7}},{"start":{"line":308,"column":13},"end":{"line":324,"column":7}}]},"57":{"loc":{"start":{"line":268,"column":10},"end":{"line":268,"column":71}},"type":"binary-expr","locations":[{"start":{"line":268,"column":10},"end":{"line":268,"column":19}},{"start":{"line":268,"column":23},"end":{"line":268,"column":47}},{"start":{"line":268,"column":51},"end":{"line":268,"column":71}}]},"58":{"loc":{"start":{"line":273,"column":8},"end":{"line":281,"column":9}},"type":"if","locations":[{"start":{"line":273,"column":8},"end":{"line":281,"column":9}},{"start":{"line":279,"column":15},"end":{"line":281,"column":9}}]},"59":{"loc":{"start":{"line":274,"column":10},"end":{"line":278,"column":11}},"type":"if","locations":[{"start":{"line":274,"column":10},"end":{"line":278,"column":11}},{"start":{"line":276,"column":17},"end":{"line":278,"column":11}}]},"60":{"loc":{"start":{"line":276,"column":17},"end":{"line":278,"column":11}},"type":"if","locations":[{"start":{"line":276,"column":17},"end":{"line":278,"column":11}}]},"61":{"loc":{"start":{"line":285,"column":10},"end":{"line":285,"column":40}},"type":"if","locations":[{"start":{"line":285,"column":10},"end":{"line":285,"column":40}}]},"62":{"loc":{"start":{"line":288,"column":21},"end":{"line":288,"column":50}},"type":"binary-expr","locations":[{"start":{"line":288,"column":21},"end":{"line":288,"column":32}},{"start":{"line":288,"column":36},"end":{"line":288,"column":50}}]},"63":{"loc":{"start":{"line":291,"column":33},"end":{"line":291,"column":55}},"type":"binary-expr","locations":[{"start":{"line":291,"column":33},"end":{"line":291,"column":48}},{"start":{"line":291,"column":52},"end":{"line":291,"column":55}}]},"64":{"loc":{"start":{"line":294,"column":10},"end":{"line":300,"column":11}},"type":"if","locations":[{"start":{"line":294,"column":10},"end":{"line":300,"column":11}},{"start":{"line":296,"column":17},"end":{"line":300,"column":11}}]},"65":{"loc":{"start":{"line":296,"column":17},"end":{"line":300,"column":11}},"type":"if","locations":[{"start":{"line":296,"column":17},"end":{"line":300,"column":11}},{"start":{"line":298,"column":17},"end":{"line":300,"column":11}}]},"66":{"loc":{"start":{"line":298,"column":17},"end":{"line":300,"column":11}},"type":"if","locations":[{"start":{"line":298,"column":17},"end":{"line":300,"column":11}}]},"67":{"loc":{"start":{"line":302,"column":10},"end":{"line":304,"column":11}},"type":"if","locations":[{"start":{"line":302,"column":10},"end":{"line":304,"column":11}}]},"68":{"loc":{"start":{"line":313,"column":8},"end":{"line":323,"column":9}},"type":"if","locations":[{"start":{"line":313,"column":8},"end":{"line":323,"column":9}}]},"69":{"loc":{"start":{"line":315,"column":10},"end":{"line":322,"column":11}},"type":"if","locations":[{"start":{"line":315,"column":10},"end":{"line":322,"column":11}},{"start":{"line":320,"column":17},"end":{"line":322,"column":11}}]},"70":{"loc":{"start":{"line":328,"column":6},"end":{"line":380,"column":7}},"type":"if","locations":[{"start":{"line":328,"column":6},"end":{"line":380,"column":7}}]},"71":{"loc":{"start":{"line":331,"column":8},"end":{"line":375,"column":9}},"type":"if","locations":[{"start":{"line":331,"column":8},"end":{"line":375,"column":9}},{"start":{"line":345,"column":15},"end":{"line":375,"column":9}}]},"72":{"loc":{"start":{"line":332,"column":28},"end":{"line":332,"column":65}},"type":"cond-expr","locations":[{"start":{"line":332,"column":51},"end":{"line":332,"column":57}},{"start":{"line":332,"column":60},"end":{"line":332,"column":65}}]},"73":{"loc":{"start":{"line":333,"column":24},"end":{"line":333,"column":71}},"type":"cond-expr","locations":[{"start":{"line":333,"column":47},"end":{"line":333,"column":64}},{"start":{"line":333,"column":67},"end":{"line":333,"column":71}}]},"74":{"loc":{"start":{"line":338,"column":10},"end":{"line":342,"column":11}},"type":"if","locations":[{"start":{"line":338,"column":10},"end":{"line":342,"column":11}}]},"75":{"loc":{"start":{"line":341,"column":25},"end":{"line":341,"column":66}},"type":"binary-expr","locations":[{"start":{"line":341,"column":25},"end":{"line":341,"column":48}},{"start":{"line":341,"column":52},"end":{"line":341,"column":66}}]},"76":{"loc":{"start":{"line":345,"column":15},"end":{"line":375,"column":9}},"type":"if","locations":[{"start":{"line":345,"column":15},"end":{"line":375,"column":9}},{"start":{"line":361,"column":15},"end":{"line":375,"column":9}}]},"77":{"loc":{"start":{"line":347,"column":30},"end":{"line":347,"column":68}},"type":"cond-expr","locations":[{"start":{"line":347,"column":54},"end":{"line":347,"column":60}},{"start":{"line":347,"column":63},"end":{"line":347,"column":68}}]},"78":{"loc":{"start":{"line":348,"column":30},"end":{"line":348,"column":80}},"type":"cond-expr","locations":[{"start":{"line":348,"column":54},"end":{"line":348,"column":72}},{"start":{"line":348,"column":75},"end":{"line":348,"column":80}}]},"79":{"loc":{"start":{"line":353,"column":12},"end":{"line":357,"column":13}},"type":"if","locations":[{"start":{"line":353,"column":12},"end":{"line":357,"column":13}}]},"80":{"loc":{"start":{"line":356,"column":27},"end":{"line":356,"column":68}},"type":"binary-expr","locations":[{"start":{"line":356,"column":27},"end":{"line":356,"column":50}},{"start":{"line":356,"column":54},"end":{"line":356,"column":68}}]},"81":{"loc":{"start":{"line":361,"column":15},"end":{"line":375,"column":9}},"type":"if","locations":[{"start":{"line":361,"column":15},"end":{"line":375,"column":9}}]},"82":{"loc":{"start":{"line":367,"column":12},"end":{"line":371,"column":13}},"type":"if","locations":[{"start":{"line":367,"column":12},"end":{"line":371,"column":13}}]},"83":{"loc":{"start":{"line":370,"column":27},"end":{"line":370,"column":68}},"type":"binary-expr","locations":[{"start":{"line":370,"column":27},"end":{"line":370,"column":50}},{"start":{"line":370,"column":54},"end":{"line":370,"column":68}}]},"84":{"loc":{"start":{"line":373,"column":50},"end":{"line":373,"column":120}},"type":"cond-expr","locations":[{"start":{"line":373,"column":106},"end":{"line":373,"column":112}},{"start":{"line":373,"column":115},"end":{"line":373,"column":120}}]},"85":{"loc":{"start":{"line":373,"column":51},"end":{"line":373,"column":66}},"type":"binary-expr","locations":[{"start":{"line":373,"column":51},"end":{"line":373,"column":60}},{"start":{"line":373,"column":64},"end":{"line":373,"column":66}}]},"86":{"loc":{"start":{"line":377,"column":8},"end":{"line":379,"column":9}},"type":"if","locations":[{"start":{"line":377,"column":8},"end":{"line":379,"column":9}}]},"87":{"loc":{"start":{"line":389,"column":6},"end":{"line":398,"column":7}},"type":"if","locations":[{"start":{"line":389,"column":6},"end":{"line":398,"column":7}}]},"88":{"loc":{"start":{"line":390,"column":27},"end":{"line":390,"column":64}},"type":"binary-expr","locations":[{"start":{"line":390,"column":27},"end":{"line":390,"column":59}},{"start":{"line":390,"column":63},"end":{"line":390,"column":64}}]},"89":{"loc":{"start":{"line":391,"column":16},"end":{"line":393,"column":27}},"type":"cond-expr","locations":[{"start":{"line":392,"column":10},"end":{"line":392,"column":81}},{"start":{"line":393,"column":10},"end":{"line":393,"column":27}}]},"90":{"loc":{"start":{"line":401,"column":25},"end":{"line":403,"column":48}},"type":"cond-expr","locations":[{"start":{"line":402,"column":10},"end":{"line":402,"column":67}},{"start":{"line":403,"column":10},"end":{"line":403,"column":48}}]},"91":{"loc":{"start":{"line":407,"column":6},"end":{"line":426,"column":7}},"type":"if","locations":[{"start":{"line":407,"column":6},"end":{"line":426,"column":7}}]},"92":{"loc":{"start":{"line":407,"column":10},"end":{"line":407,"column":36}},"type":"binary-expr","locations":[{"start":{"line":407,"column":10},"end":{"line":407,"column":20}},{"start":{"line":407,"column":24},"end":{"line":407,"column":36}}]},"93":{"loc":{"start":{"line":410,"column":8},"end":{"line":422,"column":9}},"type":"if","locations":[{"start":{"line":410,"column":8},"end":{"line":422,"column":9}},{"start":{"line":416,"column":15},"end":{"line":422,"column":9}}]},"94":{"loc":{"start":{"line":444,"column":6},"end":{"line":447,"column":7}},"type":"if","locations":[{"start":{"line":444,"column":6},"end":{"line":447,"column":7}}]},"95":{"loc":{"start":{"line":444,"column":10},"end":{"line":444,"column":71}},"type":"binary-expr","locations":[{"start":{"line":444,"column":10},"end":{"line":444,"column":19}},{"start":{"line":444,"column":23},"end":{"line":444,"column":47}},{"start":{"line":444,"column":51},"end":{"line":444,"column":71}}]},"96":{"loc":{"start":{"line":455,"column":17},"end":{"line":455,"column":31}},"type":"binary-expr","locations":[{"start":{"line":455,"column":17},"end":{"line":455,"column":22}},{"start":{"line":455,"column":26},"end":{"line":455,"column":31}}]},"97":{"loc":{"start":{"line":456,"column":17},"end":{"line":456,"column":53}},"type":"cond-expr","locations":[{"start":{"line":456,"column":25},"end":{"line":456,"column":49}},{"start":{"line":456,"column":52},"end":{"line":456,"column":53}}]},"98":{"loc":{"start":{"line":457,"column":19},"end":{"line":457,"column":59}},"type":"cond-expr","locations":[{"start":{"line":457,"column":28},"end":{"line":457,"column":50}},{"start":{"line":457,"column":54},"end":{"line":457,"column":59}}]},"99":{"loc":{"start":{"line":462,"column":6},"end":{"line":469,"column":7}},"type":"if","locations":[{"start":{"line":462,"column":6},"end":{"line":469,"column":7}}]},"100":{"loc":{"start":{"line":479,"column":15},"end":{"line":479,"column":41}},"type":"default-arg","locations":[{"start":{"line":479,"column":39},"end":{"line":479,"column":41}}]},"101":{"loc":{"start":{"line":488,"column":4},"end":{"line":490,"column":5}},"type":"if","locations":[{"start":{"line":488,"column":4},"end":{"line":490,"column":5}}]},"102":{"loc":{"start":{"line":488,"column":8},"end":{"line":488,"column":80}},"type":"binary-expr","locations":[{"start":{"line":488,"column":8},"end":{"line":488,"column":16}},{"start":{"line":488,"column":20},"end":{"line":488,"column":40}},{"start":{"line":488,"column":44},"end":{"line":488,"column":54}},{"start":{"line":488,"column":58},"end":{"line":488,"column":80}}]},"103":{"loc":{"start":{"line":497,"column":6},"end":{"line":499,"column":7}},"type":"if","locations":[{"start":{"line":497,"column":6},"end":{"line":499,"column":7}}]},"104":{"loc":{"start":{"line":497,"column":10},"end":{"line":497,"column":93}},"type":"binary-expr","locations":[{"start":{"line":497,"column":10},"end":{"line":497,"column":16}},{"start":{"line":497,"column":20},"end":{"line":497,"column":57}},{"start":{"line":497,"column":61},"end":{"line":497,"column":93}}]},"105":{"loc":{"start":{"line":506,"column":17},"end":{"line":506,"column":37}},"type":"binary-expr","locations":[{"start":{"line":506,"column":17},"end":{"line":506,"column":28}},{"start":{"line":506,"column":32},"end":{"line":506,"column":37}}]},"106":{"loc":{"start":{"line":507,"column":19},"end":{"line":507,"column":41}},"type":"binary-expr","locations":[{"start":{"line":507,"column":19},"end":{"line":507,"column":32}},{"start":{"line":507,"column":36},"end":{"line":507,"column":41}}]},"107":{"loc":{"start":{"line":512,"column":21},"end":{"line":512,"column":89}},"type":"binary-expr","locations":[{"start":{"line":512,"column":21},"end":{"line":512,"column":22}},{"start":{"line":512,"column":26},"end":{"line":512,"column":58}},{"start":{"line":512,"column":62},"end":{"line":512,"column":89}}]},"108":{"loc":{"start":{"line":515,"column":6},"end":{"line":517,"column":7}},"type":"if","locations":[{"start":{"line":515,"column":6},"end":{"line":517,"column":7}}]},"109":{"loc":{"start":{"line":531,"column":10},"end":{"line":580,"column":11}},"type":"if","locations":[{"start":{"line":531,"column":10},"end":{"line":580,"column":11}}]},"110":{"loc":{"start":{"line":531,"column":14},"end":{"line":531,"column":48}},"type":"binary-expr","locations":[{"start":{"line":531,"column":14},"end":{"line":531,"column":22}},{"start":{"line":531,"column":26},"end":{"line":531,"column":48}}]},"111":{"loc":{"start":{"line":533,"column":12},"end":{"line":535,"column":13}},"type":"if","locations":[{"start":{"line":533,"column":12},"end":{"line":535,"column":13}}]},"112":{"loc":{"start":{"line":534,"column":43},"end":{"line":534,"column":68}},"type":"cond-expr","locations":[{"start":{"line":534,"column":61},"end":{"line":534,"column":63}},{"start":{"line":534,"column":66},"end":{"line":534,"column":68}}]},"113":{"loc":{"start":{"line":538,"column":12},"end":{"line":579,"column":13}},"type":"if","locations":[{"start":{"line":538,"column":12},"end":{"line":579,"column":13}},{"start":{"line":540,"column":19},"end":{"line":579,"column":13}}]},"114":{"loc":{"start":{"line":546,"column":14},"end":{"line":564,"column":15}},"type":"if","locations":[{"start":{"line":546,"column":14},"end":{"line":564,"column":15}},{"start":{"line":558,"column":21},"end":{"line":564,"column":15}}]},"115":{"loc":{"start":{"line":547,"column":36},"end":{"line":547,"column":86}},"type":"cond-expr","locations":[{"start":{"line":547,"column":60},"end":{"line":547,"column":66}},{"start":{"line":547,"column":69},"end":{"line":547,"column":86}}]},"116":{"loc":{"start":{"line":549,"column":18},"end":{"line":552,"column":19}},"type":"if","locations":[{"start":{"line":549,"column":18},"end":{"line":552,"column":19}}]},"117":{"loc":{"start":{"line":555,"column":16},"end":{"line":557,"column":17}},"type":"if","locations":[{"start":{"line":555,"column":16},"end":{"line":557,"column":17}}]},"118":{"loc":{"start":{"line":567,"column":14},"end":{"line":578,"column":15}},"type":"if","locations":[{"start":{"line":567,"column":14},"end":{"line":578,"column":15}},{"start":{"line":575,"column":21},"end":{"line":578,"column":15}}]},"119":{"loc":{"start":{"line":569,"column":16},"end":{"line":574,"column":17}},"type":"if","locations":[{"start":{"line":569,"column":16},"end":{"line":574,"column":17}},{"start":{"line":572,"column":23},"end":{"line":574,"column":17}}]},"120":{"loc":{"start":{"line":569,"column":20},"end":{"line":569,"column":74}},"type":"binary-expr","locations":[{"start":{"line":569,"column":20},"end":{"line":569,"column":26}},{"start":{"line":569,"column":30},"end":{"line":569,"column":51}},{"start":{"line":569,"column":55},"end":{"line":569,"column":74}}]},"121":{"loc":{"start":{"line":585,"column":10},"end":{"line":587,"column":11}},"type":"if","locations":[{"start":{"line":585,"column":10},"end":{"line":587,"column":11}}]},"122":{"loc":{"start":{"line":585,"column":14},"end":{"line":585,"column":67}},"type":"binary-expr","locations":[{"start":{"line":585,"column":14},"end":{"line":585,"column":36}},{"start":{"line":585,"column":40},"end":{"line":585,"column":67}}]},"123":{"loc":{"start":{"line":586,"column":41},"end":{"line":586,"column":66}},"type":"cond-expr","locations":[{"start":{"line":586,"column":59},"end":{"line":586,"column":61}},{"start":{"line":586,"column":64},"end":{"line":586,"column":66}}]},"124":{"loc":{"start":{"line":596,"column":6},"end":{"line":601,"column":7}},"type":"if","locations":[{"start":{"line":596,"column":6},"end":{"line":601,"column":7}}]},"125":{"loc":{"start":{"line":596,"column":10},"end":{"line":596,"column":93}},"type":"binary-expr","locations":[{"start":{"line":596,"column":10},"end":{"line":596,"column":16}},{"start":{"line":596,"column":20},"end":{"line":596,"column":57}},{"start":{"line":596,"column":61},"end":{"line":596,"column":93}}]},"126":{"loc":{"start":{"line":598,"column":8},"end":{"line":600,"column":9}},"type":"if","locations":[{"start":{"line":598,"column":8},"end":{"line":600,"column":9}}]},"127":{"loc":{"start":{"line":611,"column":4},"end":{"line":611,"column":25}},"type":"if","locations":[{"start":{"line":611,"column":4},"end":{"line":611,"column":25}}]},"128":{"loc":{"start":{"line":617,"column":4},"end":{"line":628,"column":5}},"type":"if","locations":[{"start":{"line":617,"column":4},"end":{"line":628,"column":5}}]},"129":{"loc":{"start":{"line":620,"column":8},"end":{"line":622,"column":9}},"type":"if","locations":[{"start":{"line":620,"column":8},"end":{"line":622,"column":9}}]},"130":{"loc":{"start":{"line":635,"column":21},"end":{"line":635,"column":59}},"type":"cond-expr","locations":[{"start":{"line":635,"column":42},"end":{"line":635,"column":52}},{"start":{"line":635,"column":55},"end":{"line":635,"column":59}}]},"131":{"loc":{"start":{"line":638,"column":6},"end":{"line":645,"column":7}},"type":"if","locations":[{"start":{"line":638,"column":6},"end":{"line":645,"column":7}}]},"132":{"loc":{"start":{"line":638,"column":10},"end":{"line":638,"column":33}},"type":"binary-expr","locations":[{"start":{"line":638,"column":10},"end":{"line":638,"column":23}},{"start":{"line":638,"column":27},"end":{"line":638,"column":33}}]},"133":{"loc":{"start":{"line":661,"column":4},"end":{"line":670,"column":5}},"type":"if","locations":[{"start":{"line":661,"column":4},"end":{"line":670,"column":5}}]},"134":{"loc":{"start":{"line":664,"column":8},"end":{"line":666,"column":9}},"type":"if","locations":[{"start":{"line":664,"column":8},"end":{"line":666,"column":9}}]},"135":{"loc":{"start":{"line":677,"column":21},"end":{"line":677,"column":59}},"type":"cond-expr","locations":[{"start":{"line":677,"column":42},"end":{"line":677,"column":52}},{"start":{"line":677,"column":55},"end":{"line":677,"column":59}}]},"136":{"loc":{"start":{"line":680,"column":6},"end":{"line":686,"column":7}},"type":"if","locations":[{"start":{"line":680,"column":6},"end":{"line":686,"column":7}}]},"137":{"loc":{"start":{"line":680,"column":10},"end":{"line":680,"column":33}},"type":"binary-expr","locations":[{"start":{"line":680,"column":10},"end":{"line":680,"column":23}},{"start":{"line":680,"column":27},"end":{"line":680,"column":33}}]},"138":{"loc":{"start":{"line":698,"column":42},"end":{"line":698,"column":61}},"type":"default-arg","locations":[{"start":{"line":698,"column":57},"end":{"line":698,"column":61}}]},"139":{"loc":{"start":{"line":699,"column":4},"end":{"line":701,"column":5}},"type":"if","locations":[{"start":{"line":699,"column":4},"end":{"line":701,"column":5}}]},"140":{"loc":{"start":{"line":699,"column":8},"end":{"line":699,"column":75}},"type":"binary-expr","locations":[{"start":{"line":699,"column":8},"end":{"line":699,"column":13}},{"start":{"line":699,"column":17},"end":{"line":699,"column":41}},{"start":{"line":699,"column":45},"end":{"line":699,"column":75}}]},"141":{"loc":{"start":{"line":704,"column":4},"end":{"line":706,"column":5}},"type":"if","locations":[{"start":{"line":704,"column":4},"end":{"line":706,"column":5}}]},"142":{"loc":{"start":{"line":704,"column":8},"end":{"line":704,"column":44}},"type":"binary-expr","locations":[{"start":{"line":704,"column":8},"end":{"line":704,"column":32}},{"start":{"line":704,"column":36},"end":{"line":704,"column":44}}]},"143":{"loc":{"start":{"line":715,"column":6},"end":{"line":717,"column":7}},"type":"if","locations":[{"start":{"line":715,"column":6},"end":{"line":717,"column":7}}]},"144":{"loc":{"start":{"line":722,"column":26},"end":{"line":722,"column":59}},"type":"cond-expr","locations":[{"start":{"line":722,"column":41},"end":{"line":722,"column":50}},{"start":{"line":722,"column":53},"end":{"line":722,"column":59}}]},"145":{"loc":{"start":{"line":725,"column":6},"end":{"line":727,"column":7}},"type":"if","locations":[{"start":{"line":725,"column":6},"end":{"line":727,"column":7}}]},"146":{"loc":{"start":{"line":739,"column":63},"end":{"line":739,"column":82}},"type":"default-arg","locations":[{"start":{"line":739,"column":78},"end":{"line":739,"column":82}}]},"147":{"loc":{"start":{"line":740,"column":4},"end":{"line":742,"column":5}},"type":"if","locations":[{"start":{"line":740,"column":4},"end":{"line":742,"column":5}}]},"148":{"loc":{"start":{"line":744,"column":4},"end":{"line":746,"column":5}},"type":"if","locations":[{"start":{"line":744,"column":4},"end":{"line":746,"column":5}}]},"149":{"loc":{"start":{"line":744,"column":8},"end":{"line":744,"column":75}},"type":"binary-expr","locations":[{"start":{"line":744,"column":8},"end":{"line":744,"column":13}},{"start":{"line":744,"column":17},"end":{"line":744,"column":41}},{"start":{"line":744,"column":45},"end":{"line":744,"column":75}}]},"150":{"loc":{"start":{"line":753,"column":6},"end":{"line":755,"column":7}},"type":"if","locations":[{"start":{"line":753,"column":6},"end":{"line":755,"column":7}}]},"151":{"loc":{"start":{"line":760,"column":6},"end":{"line":770,"column":7}},"type":"if","locations":[{"start":{"line":760,"column":6},"end":{"line":770,"column":7}}]},"152":{"loc":{"start":{"line":772,"column":13},"end":{"line":772,"column":75}},"type":"cond-expr","locations":[{"start":{"line":772,"column":29},"end":{"line":772,"column":65}},{"start":{"line":772,"column":69},"end":{"line":772,"column":75}}]},"153":{"loc":{"start":{"line":772,"column":29},"end":{"line":772,"column":65}},"type":"cond-expr","locations":[{"start":{"line":772,"column":49},"end":{"line":772,"column":58}},{"start":{"line":772,"column":61},"end":{"line":772,"column":65}}]},"154":{"loc":{"start":{"line":782,"column":36},"end":{"line":782,"column":56}},"type":"default-arg","locations":[{"start":{"line":782,"column":51},"end":{"line":782,"column":56}}]},"155":{"loc":{"start":{"line":783,"column":4},"end":{"line":785,"column":5}},"type":"if","locations":[{"start":{"line":783,"column":4},"end":{"line":785,"column":5}}]},"156":{"loc":{"start":{"line":791,"column":6},"end":{"line":794,"column":7}},"type":"if","locations":[{"start":{"line":791,"column":6},"end":{"line":794,"column":7}}]},"157":{"loc":{"start":{"line":793,"column":8},"end":{"line":793,"column":40}},"type":"if","locations":[{"start":{"line":793,"column":8},"end":{"line":793,"column":40}}]},"158":{"loc":{"start":{"line":800,"
[...]
ne":865,"column":14},"end":{"line":865,"column":49}},{"start":{"line":866,"column":14},"end":{"line":866,"column":35}}]},"168":{"loc":{"start":{"line":877,"column":26},"end":{"line":877,"column":90}},"type":"cond-expr","locations":[{"start":{"line":877,"column":50},"end":{"line":877,"column":85}},{"start":{"line":877,"column":88},"end":{"line":877,"column":90}}]},"169":{"loc":{"start":{"line":884,"column":6},"end":{"line":891,"column":7}},"type":"if","locations":[{"start":{"line":884,"column":6},"end":{"line":891,"column":7}}]},"170":{"loc":{"start":{"line":911,"column":42},"end":{"line":911,"column":60}},"type":"default-arg","locations":[{"start":{"line":911,"column":58},"end":{"line":911,"column":60}}]},"171":{"loc":{"start":{"line":915,"column":50},"end":{"line":915,"column":69}},"type":"default-arg","locations":[{"start":{"line":915,"column":65},"end":{"line":915,"column":69}}]},"172":{"loc":{"start":{"line":922,"column":10},"end":{"line":924,"column":11}},"type":"if","locations":[{"start":{"line":922,"column":10},"end":{"line":924,"column":11}}]},"173":{"loc":{"start":{"line":927,"column":17},"end":{"line":927,"column":50}},"type":"cond-expr","locations":[{"start":{"line":927,"column":32},"end":{"line":927,"column":41}},{"start":{"line":927,"column":44},"end":{"line":927,"column":50}}]},"174":{"loc":{"start":{"line":930,"column":71},"end":{"line":930,"column":90}},"type":"default-arg","locations":[{"start":{"line":930,"column":86},"end":{"line":930,"column":90}}]},"175":{"loc":{"start":{"line":934,"column":10},"end":{"line":936,"column":11}},"type":"if","locations":[{"start":{"line":934,"column":10},"end":{"line":936,"column":11}}]},"176":{"loc":{"start":{"line":939,"column":17},"end":{"line":939,"column":79}},"type":"cond-expr","locations":[{"start":{"line":939,"column":33},"end":{"line":939,"column":69}},{"start":{"line":939,"column":73},"end":{"line":939,"column":79}}]},"177":{"loc":{"start":{"line":939,"column":33},"end":{"line":939,"column":69}},"type":"cond-expr","locations":[{"start":{"line":939,"column":53},"end":{"line":939,"column":62}},{"start":{"line":939,"column":65},"end":{"line":939,"column":69}}]},"178":{"loc":{"start":{"line":942,"column":44},"end":{"line":942,"column":64}},"type":"default-arg","locations":[{"start":{"line":942,"column":59},"end":{"line":942,"column":64}}]},"179":{"loc":{"start":{"line":943,"column":10},"end":{"line":955,"column":11}},"type":"if","locations":[{"start":{"line":943,"column":10},"end":{"line":955,"column":11}},{"start":{"line":952,"column":17},"end":{"line":955,"column":11}}]},"180":{"loc":{"start":{"line":946,"column":27},"end":{"line":946,"column":65}},"type":"cond-expr","locations":[{"start":{"line":946,"column":48},"end":{"line":946,"column":58}},{"start":{"line":946,"column":61},"end":{"line":946,"column":65}}]},"181":{"loc":{"start":{"line":948,"column":12},"end":{"line":948,"column":37}},"type":"if","locations":[{"start":{"line":948,"column":12},"end":{"line":948,"column":37}}]},"182":{"loc":{"start":{"line":964,"column":17},"end":{"line":964,"column":55}},"type":"cond-expr","locations":[{"start":{"line":964,"column":38},"end":{"line":964,"column":48}},{"start":{"line":964,"column":51},"end":{"line":964,"column":55}}]},"183":{"loc":{"start":{"line":972,"column":6},"end":{"line":974,"column":7}},"type":"if","locations":[{"start":{"line":972,"column":6},"end":{"line":974,"column":7}}]},"184":{"loc":{"start":{"line":983,"column":34},"end":{"line":983,"column":52}},"type":"default-arg","locations":[{"start":{"line":983,"column":50},"end":{"line":983,"column":52}}]},"185":{"loc":{"start":{"line":996,"column":4},"end":{"line":996,"column":31}},"type":"if","locations":[{"start":{"line":996,"column":4},"end":{"line":996,"column":31}}]},"186":{"loc":{"start":{"line":1000,"column":6},"end":{"line":1002,"column":7}},"type":"if","locations":[{"start":{"line":1000,"column":6},"end":{"line":1002,"column":7}}]},"187":{"loc":{"start":{"line":1013,"column":44},"end":{"line":1013,"column":55}},"type":"default-arg","locations":[{"start":{"line":1013,"column":53},"end":{"line":1013,"column":55}}]},"188":{"loc":{"start":{"line":1022,"column":4},"end":{"line":1024,"column":5}},"type":"if","locations":[{"start":{"line":1022,"column":4},"end":{"line":1024,"column":5}}]},"189":{"loc":{"start":{"line":1022,"column":8},"end":{"line":1022,"column":65}},"type":"binary-expr","locations":[{"start":{"line":1022,"column":8},"end":{"line":1022,"column":15}},{"start":{"line":1022,"column":20},"end":{"line":1022,"column":41}},{"start":{"line":1022,"column":45},"end":{"line":1022,"column":64}}]},"190":{"loc":{"start":{"line":1026,"column":4},"end":{"line":1028,"column":5}},"type":"if","locations":[{"start":{"line":1026,"column":4},"end":{"line":1028,"column":5}}]},"191":{"loc":{"start":{"line":1030,"column":4},"end":{"line":1032,"column":5}},"type":"if","locations":[{"start":{"line":1030,"column":4},"end":{"line":1032,"column":5}}]}},"s":{"0":2,"1":2,"2":30,"3":0,"4":0,"5":0,"6":144,"7":144,"8":144,"9":144,"10":144,"11":144,"12":144,"13":144,"14":144,"15":144,"16":26,"17":0,"18":26,"19":21,"20":26,"21":26,"22":26,"23":26,"24":26,"25":26,"26":26,"27":26,"28":26,"29":26,"30":26,"31":24,"32":1,"33":2,"34":25,"35":25,"36":25,"37":25,"38":25,"39":25,"40":25,"41":25,"42":25,"43":25,"44":4,"45":4,"46":4,"47":0,"48":4,"49":4,"50":4,"51":4,"52":4,"53":4,"54":4,"55":0,"56":0,"57":0,"58":0,"59":0,"60":0,"61":0,"62":0,"63":0,"64":0,"65":0,"66":0,"67":0,"68":0,"69":0,"70":0,"71":0,"72":0,"73":0,"74":0,"75":0,"76":0,"77":0,"78":0,"79":0,"80":0,"81":0,"82":0,"83":0,"84":0,"85":0,"86":0,"87":0,"88":0,"89":0,"90":0,"91":4,"92":4,"93":4,"94":25,"95":1,"96":2,"97":2,"98":0,"99":0,"100":0,"101":0,"102":0,"103":2,"104":2,"105":1,"106":1,"107":25,"108":8,"109":10,"110":10,"111":10,"112":10,"113":0,"114":0,"115":0,"116":10,"117":1,"118":9,"119":2,"120":1,"121":1,"122":2,"123":1,"124":1,"125":7,"126":3,"127":3,"128":1,"129":1,"130":0,"131":0,"132":0,"133":0,"134":0,"135":0,"136":1,"137":1,"138":1,"139":1,"140":0,"141":0,"142":0,"143":3,"144":1,"145":2,"146":0,"147":2,"148":2,"149":4,"150":4,"151":25,"152":9,"153":25,"154":25,"155":4,"156":4,"157":0,"158":0,"159":0,"160":0,"161":0,"162":4,"163":4,"164":4,"165":0,"166":4,"167":4,"168":4,"169":4,"170":4,"171":3,"172":1,"173":1,"174":2,"175":0,"176":0,"177":4,"178":4,"179":4,"180":21,"181":21,"182":21,"183":2,"184":4,"185":19,"186":25,"187":25,"188":4,"189":4,"190":2,"191":2,"192":2,"193":2,"194":2,"195":2,"196":0,"197":0,"198":0,"199":2,"200":2,"201":1,"202":2,"203":2,"204":2,"205":2,"206":2,"207":2,"208":0,"209":0,"210":0,"211":2,"212":1,"213":1,"214":2,"215":2,"216":2,"217":2,"218":0,"219":0,"220":0,"221":2,"222":4,"223":4,"224":25,"225":25,"226":25,"227":25,"228":25,"229":25,"230":2,"231":2,"232":2,"233":2,"234":2,"235":25,"236":25,"237":25,"238":8,"239":0,"240":8,"241":8,"242":7,"243":24,"244":24,"245":23,"246":23,"247":4,"248":23,"249":23,"250":23,"251":23,"252":2,"253":23,"254":2,"255":2,"256":1,"257":9,"258":0,"259":9,"260":9,"261":9,"262":15,"263":14,"264":9,"265":10,"266":10,"267":10,"268":10,"269":10,"270":10,"271":16,"272":15,"273":10,"274":0,"275":10,"276":10,"277":15,"278":10,"279":10,"280":10,"281":6,"282":6,"283":6,"284":5,"285":6,"286":2,"287":4,"288":4,"289":4,"290":1,"291":1,"292":1,"293":1,"294":1,"295":1,"296":1,"297":3,"298":9,"299":9,"300":4,"301":4,"302":1,"303":1,"304":3,"305":0,"306":10,"307":15,"308":10,"309":0,"310":9,"311":15,"312":14,"313":14,"314":14,"315":9,"316":14,"317":1,"318":13,"319":13,"320":13,"321":13,"322":13,"323":11,"324":1,"325":2,"326":12,"327":12,"328":12,"329":12,"330":10,"331":10,"332":0,"333":0,"334":0,"335":10,"336":2,"337":2,"338":10,"339":10,"340":10,"341":10,"342":10,"343":10,"344":1,"345":0,"346":9,"347":9,"348":9,"349":9,"350":7,"351":7,"352":1,"353":1,"354":1,"355":7,"356":2,"357":2,"358":11,"359":2,"360":9,"361":9,"362":9,"363":9,"364":9,"365":9,"366":23,"367":9,"368":9,"369":8,"370":9,"371":7,"372":7,"373":7,"374":7,"375":2,"376":2,"377":9,"378":1,"379":8,"380":1,"381":7,"382":7,"383":7,"384":7,"385":7,"386":6,"387":7,"388":5,"389":5,"390":5,"391":2,"392":5,"393":2,"394":2,"395":8,"396":1,"397":7,"398":7,"399":7,"400":4,"401":4,"402":3,"403":4,"404":4,"405":3,"406":3,"407":3,"408":0,"409":3,"410":1,"411":1,"412":17,"413":17,"414":17,"415":16,"416":16,"417":16,"418":1,"419":0,"420":16,"421":16,"422":16,"423":16,"424":15,"425":1,"426":14,"427":1,"428":0,"429":1,"430":2,"431":1,"432":1,"433":13,"434":8,"435":8,"436":2,"437":2,"438":1,"439":1,"440":1,"441":1,"442":1,"443":1,"444":1,"445":1,"446":1,"447":1,"448":1,"449":8,"450":8,"451":5,"452":5,"453":16,"454":16,"455":16,"456":14,"457":14,"458":13,"459":13,"460":2,"461":14,"462":2,"463":2,"464":9,"465":8,"466":1,"467":1,"468":1,"469":1,"470":1,"471":1,"472":1,"473":1,"474":1,"475":1,"476":1,"477":1,"478":1,"479":1,"480":1,"481":1,"482":1,"483":2,"484":1,"485":1,"486":1,"487":1,"488":0,"489":1,"490":1,"491":1,"492":1,"493":1,"494":1,"495":1,"496":1,"497":8,"498":8,"499":8,"500":8,"501":4,"502":4,"503":2,"504":2,"505":27,"506":1,"507":26,"508":26,"509":22,"510":4,"511":4,"512":73,"513":62,"514":49,"515":13,"516":4,"517":9,"518":8,"519":1,"520":2},"f":{"0":30,"1":0,"2":0,"3":0,"4":144,"5":26,"6":21,"7":0,"8":2,"9":2,"10":0,"11":2,"12":4,"13":2,"14":2,"15":1,"16":9,"17":16,"18":15,"19":15,"20":14,"21":10,"22":11,"23":23,"24":9,"25":7,"26":8,"27":17,"28":2,"29":9,"30":8,"31":1,"32":1,"33":1,"34":1,"35":1,"36":2,"37":1,"38":4,"39":27,"40":73,"41":62},"b":{"0":[0],"1":[144,3],"2":[144,3],"3":[144,2],"4":[144,17],"5":[144,18],"6":[144,18],"7":[144,144],"8":[5],"9":[0],"10":[26,26,26],"11":[7,19],"12":[19,13],"13":[7,19],"14":[7,19],"15":[7,19],"16":[7,19],"17":[7,19],"18":[26],"19":[1],"20":[4],"21":[25,4,4],"22":[0],"23":[4,4],"24":[4,2],"25":[4,0],"26":[4,4],"27":[0],"28":[4,0],"29":[0,0],"30":[0,0],"31":[0,0],"32":[0,0],"33":[0,0,0,0,0,0,0,0],"34":[0,0],"35":[0,0],"36":[0,0],"37":[4],"38":[1],"39":[25,1],"40":[0,2],"41":[0,0],"42":[1],"43":[8],"44":[25,25],"45":[0],"46":[0,0],"47":[1,9],"48":[2,7],"49":[1,1],"50":[3,4],"51":[1,0,0,0,1,1,0,0],"52":[1,2],"53":[3,1],"54":[0,2],"55":[9],"56":[4,21],"57":[25,4,4],"58":[0,4],"59":[0,0],"60":[0],"61":[0],"62":[4,4],"63":[4,3],"64":[3,1],"65":[1,0],"66":[0],"67":[4],"68":[21],"69":[2,19],"70":[4],"71":[2,2],"72":[1,1],"73":[1,1],"74":[0],"75":[0,0],"76":[1,1],"77":[1,1],"78":[1,1],"79":[0],"80":[0,0],"81":[1],"82":[0],"83":[0,0],"84":[1,1],"85":[2,0],"86":[4],"87":[2],"88":[2,1],"89":[2,0],"90":[4,21],"91":[8],"92":[25,23],"93":[0,8],"94":[4],"95":[23,4,4],"96":[23,21],"97":[2,21],"98":[2,21],"99":[23],"100":[0],"101":[0],"102":[9,9,9,9],"103":[14],"104":[15,14,14],"105":[10,5],"106":[10,6],"107":[16,15,15],"108":[0],"109":[6],"110":[6,6],"111":[5],"112":[1,4],"113":[2,4],"114":[1,3],"115":[1,0],"116":[1],"117":[1],"118":[4,0],"119":[1,3],"120":[4,1,1],"121":[10],"122":[15,15],"123":[5,5],"124":[14],"125":[15,14,14],"126":[14],"127":[1],"128":[13],"129":[1],"130":[0,10],"131":[0],"132":[10,10],"133":[10],"134":[1],"135":[1,6],"136":[1],"137":[7,7],"138":[10],"139":[2],"140":[11,10,10],"141":[9],"142":[9,9],"143":[8],"144":[6,1],"145":[7],"146":[8],"147":[1],"148":[1],"149":[8,8,8],"150":[6],"151":[5],"152":[4,1],"153":[0,4],"154":[4],"155":[1],"156":[4],"157":[3],"158":[3],"159":[1,2],"160":[4],"161":[16],"162":[1],"163":[1,14],"164":[1,13],"165":[0,1],"166":[8,5],"167":[2,1,1,1,1,1,1],"168":[13,3],"169":[13],"170":[0],"171":[1],"172":[1],"173":[1,0],"174":[1],"175":[1],"176":[1,0],"177":[1,0],"178":[1],"179":[1,1],"180":[1,0],"181":[0],"182":[1,0],"183":[8],"184":[3],"185":[1],"186":[4],"187":[0],"188":[49],"189":[62,15,10],"190":[4],"191":[8]}}
,"/home/waqasbelushi/dynamic-orm/src/index.ts": {"path":"/home/waqasbelushi/dynamic-orm/src/index.ts","statementMap":{"0":{"start":{"line":9,"column":0},"end":{"line":9,"column":16}},"1":{"start":{"line":1,"column":0},"end":{"line":1,"column":9}},"2":{"start":{"line":49,"column":2},"end":{"line":1,"column":46}},"3":{"start":{"line":2,"column":0},"end":{"line":2,"column":9}},"4":{"start":{"line":50,"column":2},"end":{"line":2,"column":61}},"5":{"start":{"line":3,"column":0},"end":{"line":3,"column":9}},"6":{"start":{"line":51,"column":2},"end":{"line":3,"column":28}},"7":{"start":{"line":52,"column":2},"end":{"line":3,"column":71}},"8":{"start":{"line":4,"column":0},"end":{"line":4,"column":33}},"9":{"start":{"line":45,"column":9},"end":{"line":45,"column":14}},"10":{"start":{"line":14,"column":42},"end":{"line":14,"column":49}},"11":{"start":{"line":16,"column":2},"end":{"line":18,"column":3}},"12":{"start":{"line":17,"column":4},"end":{"line":17,"column":52}},"13":{"start":{"line":21,"column":20},"end":{"line":21,"column":50}},"14":{"start":{"line":24,"column":23},"end":{"line":26,"column":28}},"15":{"start":{"line":29,"column":2},"end":{"line":41,"column":4}},"16":{"start":{"line":34,"column":6},"end":{"line":39,"column":8}}},"fnMap":{"0":{"name":"(anonymous_9)","decl":{"start":{"line":49,"column":2},"end":{"line":49,"column":14}},"loc":{"start":{"line":49,"column":2},"end":{"line":1,"column":46}}},"1":{"name":"(anonymous_10)","decl":{"start":{"line":50,"column":2},"end":{"line":50,"column":24}},"loc":{"start":{"line":50,"column":2},"end":{"line":2,"column":61}}},"2":{"name":"(anonymous_11)","decl":{"start":{"line":51,"column":2},"end":{"line":51,"column":19}},"loc":{"start":{"line":51,"column":2},"end":{"line":3,"column":28}}},"3":{"name":"(anonymous_12)","decl":{"start":{"line":52,"column":2},"end":{"line":52,"column":18}},"loc":{"start":{"line":52,"column":2},"end":{"line":3,"column":71}}},"4":{"name":"createORM","decl":{"start":{"line":9,"column":16},"end":{"line":9,"column":25}},"loc":{"start":{"line":13,"column":1},"end":{"line":42,"column":1}}},"5":{"name":"(anonymous_14)","decl":{"start":{"line":33,"column":17},"end":{"line":33,"column":18}},"loc":{"start":{"line":33,"column":76},"end":{"line":40,"column":5}}}},"branchMap":{"0":{"loc":{"start":{"line":14,"column":21},"end":{"line":14,"column":37}},"type":"default-arg","locations":[{"start":{"line":14,"column":32},"end":{"line":14,"column":37}}]},"1":{"loc":{"start":{"line":16,"column":2},"end":{"line":18,"column":3}},"type":"if","locations":[{"start":{"line":16,"column":2},"end":{"line":18,"column":3}}]},"2":{"loc":{"start":{"line":24,"column":23},"end":{"line":26,"column":28}},"type":"cond-expr","locations":[{"start":{"line":25,"column":6},"end":{"line":25,"column":34}},{"start":{"line":26,"column":6},"end":{"line":26,"column":28}}]},"3":{"loc":{"start":{"line":24,"column":23},"end":{"line":24,"column":40}},"type":"binary-expr","locations":[{"start":{"line":24,"column":23},"end":{"line":24,"column":31}},{"start":{"line":24,"column":35},"end":{"line":24,"column":40}}]},"4":{"loc":{"start":{"line":33,"column":33},"end":{"line":33,"column":72}},"type":"default-arg","locations":[{"start":{"line":33,"column":70},"end":{"line":33,"column":72}}]}},"s":{"0":1,"1":1,"2":3,"3":1,"4":2,"5":1,"6":2,"7":2,"8":1,"9":1,"10":4,"11":4,"12":1,"13":3,"14":3,"15":3,"16":1},"f":{"0":2,"1":1,"2":1,"3":1,"4":4,"5":1},"b":{"0":[3],"1":[1],"2":[1,2],"3":[3,1],"4":[0]}}
,"/home/waqasbelushi/dynamic-orm/src/adapters/cache.ts": {"path":"/home/waqasbelushi/dynamic-orm/src/adapters/cache.ts","statementMap":{"0":{"start":{"line":10,"column":4},"end":{"line":10,"column":23}},"1":{"start":{"line":14,"column":4},"end":{"line":14,"column":31}},"2":{"start":{"line":18,"column":4},"end":{"line":18,"column":61}},"3":{"start":{"line":22,"column":4},"end":{"line":22,"column":30}},"4":{"start":{"line":26,"column":4},"end":{"line":26,"column":36}},"5":{"start":{"line":6,"column":0},"end":{"line":6,"column":13}},"6":{"start":{"line":35,"column":4},"end":{"line":35,"column":16}},"7":{"start":{"line":47,"column":4},"end":{"line":47,"column":14}},"8":{"start":{"line":33,"column":0},"end":{"line":33,"column":13}}},"fnMap":{"0":{"name":"(anonymous_0)","decl":{"start":{"line":9,"column":2},"end":{"line":9,"column":14}},"loc":{"start":{"line":9,"column":24},"end":{"line":11,"column":3}}},"1":{"name":"(anonymous_1)","decl":{"start":{"line":13,"column":2},"end":{"line":13,"column":7}},"loc":{"start":{"line":13,"column":23},"end":{"line":15,"column":3}}},"2":{"name":"(anonymous_2)","decl":{"start":{"line":17,"column":2},"end":{"line":17,"column":7}},"loc":{"start":{"line":17,"column":76},"end":{"line":19,"column":3}}},"3":{"name":"(anonymous_3)","decl":{"start":{"line":21,"column":2},"end":{"line":21,"column":7}},"loc":{"start":{"line":21,"column":34},"end":{"line":23,"column":3}}},"4":{"name":"(anonymous_4)","decl":{"start":{"line":25,"column":2},"end":{"line":25,"column":7}},"loc":{"start":{"line":25,"column":28},"end":{"line":27,"column":3}}},"5":{"name":"(anonymous_5)","decl":{"start":{"line":34,"column":2},"end":{"line":34,"column":7}},"loc":{"start":{"line":34,"column":11},"end":{"line":36,"column":3}}},"6":{"name":"(anonymous_6)","decl":{"start":{"line":38,"column":2},"end":{"line":38,"column":7}},"loc":{"start":{"line":38,"column":11},"end":{"line":40,"column":3}}},"7":{"name":"(anonymous_7)","decl":{"start":{"line":42,"column":2},"end":{"line":42,"column":7}},"loc":{"start":{"line":42,"column":11},"end":{"line":44,"column":3}}},"8":{"name":"(anonymous_8)","decl":{"start":{"line":46,"column":2},"end":{"line":46,"column":7}},"loc":{"start":{"line":46,"column":12},"end":{"line":48,"column":3}}}},"branchMap":{"0":{"loc":{"start":{"line":17,"column":40},"end":{"line":17,"column":57}},"type":"default-arg","locations":[{"start":{"line":17,"column":53},"end":{"line":17,"column":57}}]},"1":{"loc":{"start":{"line":17,"column":59},"end":{"line":17,"column":76}},"type":"default-arg","locations":[{"start":{"line":17,"column":72},"end":{"line":17,"column":76}}]}},"s":{"0":5,"1":1,"2":1,"3":1,"4":1,"5":2,"6":1,"7":1,"8":2},"f":{"0":5,"1":1,"2":1,"3":1,"4":1,"5":1,"6":1,"7":1,"8":1},"b":{"0":[0],"1":[0]}}
,"/home/waqasbelushi/dynamic-orm/src/adapters/database.ts": {"path":"/home/waqasbelushi/dynamic-orm/src/adapters/database.ts","statementMap":{"0":{"start":{"line":10,"column":4},"end":{"line":10,"column":17}},"1":{"start":{"line":14,"column":4},"end":{"line":16,"column":5}},"2":{"start":{"line":15,"column":6},"end":{"line":15,"column":72}},"3":{"start":{"line":17,"column":4},"end":{"line":17,"column":40}},"4":{"start":{"line":21,"column":4},"end":{"line":23,"column":5}},"5":{"start":{"line":22,"column":6},"end":{"line":22,"column":76}},"6":{"start":{"line":24,"column":4},"end":{"line":24,"column":41}},"7":{"start":{"line":6,"column":0},"end":{"line":6,"column":13}}},"fnMap":{"0":{"name":"(anonymous_0)","decl":{"start":{"line":9,"column":2},"end":{"line":9,"column":14}},"loc":{"start":{"line":9,"column":21},"end":{"line":11,"column":3}}},"1":{"name":"(anonymous_1)","decl":{"start":{"line":13,"column":2},"end":{"line":13,"column":7}},"loc":{"start":{"line":13,"column":42},"end":{"line":18,"column":3}}},"2":{"name":"(anonymous_2)","decl":{"start":{"line":20,"column":2},"end":{"line":20,"column":7}},"loc":{"start":{"line":20,"column":76},"end":{"line":25,"column":3}}}},"branchMap":{"0":{"loc":{"start":{"line":14,"column":4},"end":{"line":16,"column":5}},"type":"if","locations":[{"start":{"line":14,"column":4},"end":{"line":16,"column":5}}]},"1":{"loc":{"start":{"line":14,"column":8},"end":{"line":14,"column":57}},"type":"binary-expr","locations":[{"start":{"line":14,"column":8},"end":{"line":14,"column":16}},{"start":{"line":14,"column":20},"end":{"line":14,"column":57}}]},"2":{"loc":{"start":{"line":21,"column":4},"end":{"line":23,"column":5}},"type":"if","locations":[{"start":{"line":21,"column":4},"end":{"line":23,"column":5}}]},"3":{"loc":{"start":{"line":21,"column":8},"end":{"line":21,"column":61}},"type":"binary-expr","locations":[{"start":{"line":21,"column":8},"end":{"line":21,"column":16}},{"start":{"line":21,"column":20},"end":{"line":21,"column":61}}]}},"s":{"0":7,"1":2,"2":1,"3":1,"4":2,"5":1,"6":1,"7":2},"f":{"0":7,"1":2,"2":2},"b":{"0":[1],"1":[2,2],"2":[1],"3":[2,2]}}
}
