TN:
SF:src/DynamicModel.ts
FN:15,(anonymous_0)
FN:16,(anonymous_1)
FN:17,(anonymous_2)
FN:18,(anonymous_3)
FN:44,(anonymous_4)
FN:65,(anonymous_5)
FN:72,(anonymous_6)
FN:141,(anonymous_7)
FN:186,(anonymous_8)
FN:227,(anonymous_9)
FN:277,(anonymous_10)
FN:297,(anonymous_11)
FN:318,(anonymous_12)
FN:346,(anonymous_13)
FN:362,(anonymous_14)
FN:479,(anonymous_15)
FN:487,(anonymous_16)
FN:512,(anonymous_17)
FN:513,(anonymous_18)
FN:521,(anonymous_19)
FN:610,(anonymous_20)
FN:657,(anonymous_21)
FN:698,(anonymous_22)
FN:711,(anonymous_23)
FN:739,(anonymous_24)
FN:749,(anonymous_25)
FN:782,(anonymous_26)
FN:822,(anonymous_27)
FN:852,(anonymous_28)
FN:903,(anonymous_29)
FN:904,(anonymous_30)
FN:911,(anonymous_31)
FN:915,(anonymous_32)
FN:918,(anonymous_33)
FN:930,(anonymous_34)
FN:931,(anonymous_35)
FN:942,(anonymous_36)
FN:958,(anonymous_37)
FN:983,(anonymous_38)
FN:995,(anonymous_39)
FN:1013,(anonymous_40)
FN:1021,(anonymous_41)
FNF:42
FNH:37
FNDA:30,(anonymous_0)
FNDA:0,(anonymous_1)
FNDA:0,(anonymous_2)
FNDA:0,(anonymous_3)
FNDA:144,(anonymous_4)
FNDA:26,(anonymous_5)
FNDA:21,(anonymous_6)
FNDA:0,(anonymous_7)
FNDA:2,(anonymous_8)
FNDA:2,(anonymous_9)
FNDA:0,(anonymous_10)
FNDA:2,(anonymous_11)
FNDA:4,(anonymous_12)
FNDA:2,(anonymous_13)
FNDA:2,(anonymous_14)
FNDA:1,(anonymous_15)
FNDA:9,(anonymous_16)
FNDA:16,(anonymous_17)
FNDA:15,(anonymous_18)
FNDA:15,(anonymous_19)
FNDA:14,(anonymous_20)
FNDA:10,(anonymous_21)
FNDA:11,(anonymous_22)
FNDA:23,(anonymous_23)
FNDA:9,(anonymous_24)
FNDA:7,(anonymous_25)
FNDA:8,(anonymous_26)
FNDA:17,(anonymous_27)
FNDA:2,(anonymous_28)
FNDA:9,(anonymous_29)
FNDA:8,(anonymous_30)
FNDA:1,(anonymous_31)
FNDA:1,(anonymous_32)
FNDA:1,(anonymous_33)
FNDA:1,(anonymous_34)
FNDA:1,(anonymous_35)
FNDA:2,(anonymous_36)
FNDA:1,(anonymous_37)
FNDA:4,(anonymous_38)
FNDA:27,(anonymous_39)
FNDA:73,(anonymous_40)
FNDA:62,(anonymous_41)
DA:1,2
DA:14,2
DA:15,30
DA:16,0
DA:17,0
DA:18,0
DA:25,2
DA:50,144
DA:51,144
DA:52,144
DA:53,144
DA:54,144
DA:55,144
DA:56,144
DA:57,144
DA:58,144
DA:59,144
DA:67,26
DA:68,0
DA:72,26
DA:73,21
DA:75,26
DA:76,26
DA:77,26
DA:78,26
DA:79,26
DA:80,26
DA:83,26
DA:86,26
DA:87,26
DA:88,26
DA:89,26
DA:90,24
DA:91,1
DA:95,2
DA:100,25
DA:102,25
DA:103,25
DA:104,25
DA:105,25
DA:106,25
DA:107,25
DA:108,25
DA:111,25
DA:114,25
DA:115,4
DA:117,4
DA:118,4
DA:120,4
DA:121,4
DA:122,4
DA:123,4
DA:126,4
DA:129,4
DA:132,4
DA:133,0
DA:135,0
DA:136,0
DA:137,0
DA:138,0
DA:139,0
DA:141,0
DA:142,0
DA:143,0
DA:145,0
DA:146,0
DA:148,0
DA:149,0
DA:150,0
DA:151,0
DA:152,0
DA:153,0
DA:154,0
DA:155,0
DA:156,0
DA:159,0
DA:160,0
DA:161,0
DA:162,0
DA:164,0
DA:165,0
DA:169,0
DA:170,0
DA:175,4
DA:179,4
DA:180,4
DA:185,25
DA:186,1
DA:187,2
DA:189,2
DA:190,0
DA:191,0
DA:192,0
DA:193,0
DA:194,0
DA:196,2
DA:197,2
DA:201,1
DA:202,1
DA:207,25
DA:208,8
DA:210,10
DA:211,10
DA:212,10
DA:214,10
DA:215,0
DA:216,0
DA:217,0
DA:221,10
DA:222,1
DA:223,9
DA:224,2
DA:225,1
DA:227,2
DA:228,1
DA:229,1
DA:231,7
DA:232,3
DA:234,3
DA:235,1
DA:236,0
DA:237,0
DA:238,0
DA:239,1
DA:240,1
DA:241,0
DA:242,0
DA:245,3
DA:246,1
DA:247,2
DA:248,0
DA:250,2
DA:251,2
DA:255,4
DA:256,4
DA:261,25
DA:262,9
DA:266,25
DA:268,25
DA:270,4
DA:273,4
DA:274,0
DA:275,0
DA:276,0
DA:277,0
DA:280,4
DA:284,4
DA:285,4
DA:287,4
DA:288,4
DA:291,4
DA:292,4
DA:294,4
DA:295,3
DA:296,1
DA:297,2
DA:298,0
DA:299,0
DA:302,4
DA:303,4
DA:307,4
DA:310,21
DA:313,21
DA:315,21
DA:317,2
DA:318,4
DA:321,19
DA:327,25
DA:328,25
DA:329,4
DA:331,4
DA:332,2
DA:333,2
DA:334,2
DA:335,2
DA:336,2
DA:338,2
DA:339,0
DA:340,0
DA:341,0
DA:344,2
DA:345,2
DA:346,1
DA:347,2
DA:348,2
DA:349,2
DA:350,2
DA:351,2
DA:353,2
DA:354,0
DA:355,0
DA:356,0
DA:359,2
DA:361,1
DA:362,1
DA:363,2
DA:364,2
DA:365,2
DA:367,2
DA:368,0
DA:369,0
DA:370,0
DA:373,2
DA:377,4
DA:378,4
DA:383,25
DA:384,25
DA:385,25
DA:386,25
DA:387,25
DA:389,25
DA:390,2
DA:391,2
DA:395,2
DA:396,2
DA:397,2
DA:401,25
DA:406,25
DA:407,25
DA:410,8
DA:411,0
DA:417,8
DA:424,8
DA:425,7
DA:429,24
DA:439,24
DA:442,23
DA:444,23
DA:446,4
DA:450,23
DA:462,23
DA:463,23
DA:464,23
DA:467,2
DA:471,23
DA:473,2
DA:474,2
DA:480,1
DA:488,9
DA:489,0
DA:492,9
DA:493,9
DA:496,9
DA:497,15
DA:498,14
DA:503,9
DA:504,10
DA:505,10
DA:506,10
DA:507,10
DA:508,10
DA:511,10
DA:512,16
DA:513,15
DA:515,10
DA:516,0
DA:520,10
DA:521,15
DA:523,10
DA:525,10
DA:528,10
DA:529,6
DA:531,6
DA:533,6
DA:534,5
DA:538,6
DA:539,2
DA:542,4
DA:543,4
DA:546,4
DA:547,1
DA:548,1
DA:549,1
DA:550,1
DA:551,1
DA:555,1
DA:556,1
DA:560,3
DA:561,9
DA:562,9
DA:567,4
DA:569,4
DA:570,1
DA:571,1
DA:573,3
DA:577,0
DA:584,10
DA:585,15
DA:586,10
DA:590,0
DA:595,9
DA:596,15
DA:597,14
DA:598,14
DA:599,14
DA:604,9
DA:611,14
DA:613,13
DA:616,13
DA:617,13
DA:618,13
DA:619,13
DA:620,11
DA:621,1
DA:625,2
DA:630,12
DA:631,12
DA:632,12
DA:633,12
DA:635,10
DA:638,10
DA:639,0
DA:640,0
DA:643,0
DA:647,10
DA:649,2
DA:650,2
DA:658,10
DA:659,10
DA:661,10
DA:662,10
DA:663,10
DA:664,10
DA:665,1
DA:668,0
DA:672,9
DA:673,9
DA:674,9
DA:675,9
DA:677,7
DA:680,7
DA:681,1
DA:682,1
DA:684,1
DA:688,7
DA:690,2
DA:691,2
DA:699,11
DA:700,2
DA:704,9
DA:705,9
DA:708,9
DA:709,9
DA:710,9
DA:711,23
DA:713,9
DA:715,9
DA:716,8
DA:719,9
DA:722,7
DA:725,7
DA:726,7
DA:729,7
DA:731,2
DA:732,2
DA:740,9
DA:741,1
DA:744,8
DA:745,1
DA:748,7
DA:749,7
DA:751,7
DA:753,7
DA:754,6
DA:757,7
DA:760,5
DA:761,5
DA:762,5
DA:768,2
DA:772,5
DA:774,2
DA:775,2
DA:783,8
DA:784,1
DA:787,7
DA:788,7
DA:791,7
DA:792,4
DA:793,4
DA:796,4
DA:797,4
DA:800,3
DA:801,3
DA:802,3
DA:808,0
DA:812,3
DA:814,1
DA:815,1
DA:823,17
DA:826,17
DA:827,17
DA:828,16
DA:829,16
DA:830,16
DA:831,1
DA:835,0
DA:840,16
DA:842,16
DA:843,16
DA:845,16
DA:846,15
DA:847,1
DA:848,14
DA:849,1
DA:850,0
DA:852,2
DA:853,1
DA:854,1
DA:856,13
DA:857,8
DA:859,8
DA:860,2
DA:861,1
DA:862,1
DA:863,1
DA:864,1
DA:865,1
DA:866,1
DA:868,8
DA:869,8
DA:872,5
DA:873,5
DA:877,16
DA:878,16
DA:880,16
DA:881,14
DA:884,14
DA:885,13
DA:886,13
DA:889,2
DA:893,14
DA:895,2
DA:896,2
DA:904,9
DA:906,8
DA:912,1
DA:916,1
DA:917,1
DA:918,1
DA:920,1
DA:922,1
DA:923,1
DA:926,1
DA:927,1
DA:931,1
DA:932,1
DA:934,1
DA:935,1
DA:938,1
DA:939,1
DA:943,2
DA:944,1
DA:945,1
DA:946,1
DA:948,1
DA:950,1
DA:951,1
DA:953,1
DA:954,1
DA:959,1
DA:961,1
DA:962,1
DA:964,1
DA:969,8
DA:972,8
DA:973,8
DA:976,8
DA:984,4
DA:985,4
DA:987,2
DA:988,2
DA:996,27
DA:998,26
DA:999,26
DA:1000,22
DA:1001,4
DA:1004,4
DA:1014,73
DA:1022,62
DA:1023,49
DA:1026,13
DA:1027,4
DA:1030,9
DA:1031,8
DA:1034,1
LF:485
LH:412
BRDA:46,0,0,0
BRDA:51,1,0,144
BRDA:51,1,1,3
BRDA:52,2,0,144
BRDA:52,2,1,3
BRDA:53,3,0,144
BRDA:53,3,1,2
BRDA:54,4,0,144
BRDA:54,4,1,17
BRDA:55,5,0,144
BRDA:55,5,1,18
BRDA:56,6,0,144
BRDA:56,6,1,18
BRDA:59,7,0,144
BRDA:59,7,1,144
BRDA:65,8,0,5
BRDA:67,9,0,0
BRDA:72,10,0,26
BRDA:72,10,1,26
BRDA:72,10,2,26
BRDA:75,11,0,7
BRDA:75,11,1,19
BRDA:75,12,0,19
BRDA:75,12,1,13
BRDA:76,13,0,7
BRDA:76,13,1,19
BRDA:77,14,0,7
BRDA:77,14,1,19
BRDA:78,15,0,7
BRDA:78,15,1,19
BRDA:79,16,0,7
BRDA:79,16,1,19
BRDA:80,17,0,7
BRDA:80,17,1,19
BRDA:87,18,0,26
BRDA:90,19,0,1
BRDA:114,20,0,4
BRDA:114,21,0,25
BRDA:114,21,1,4
BRDA:114,21,2,4
BRDA:118,22,0,0
BRDA:118,23,0,4
BRDA:118,23,1,4
BRDA:120,24,0,4
BRDA:120,24,1,2
BRDA:122,25,0,4
BRDA:122,25,1,0
BRDA:123,26,0,4
BRDA:123,26,1,4
BRDA:132,27,0,0
BRDA:132,28,0,4
BRDA:132,28,1,0
BRDA:135,29,0,0
BRDA:135,29,1,0
BRDA:137,30,0,0
BRDA:137,30,1,0
BRDA:138,31,0,0
BRDA:138,31,1,0
BRDA:145,32,0,0
BRDA:145,32,1,0
BRDA:148,33,0,0
BRDA:148,33,1,0
BRDA:148,33,2,0
BRDA:148,33,3,0
BRDA:148,33,4,0
BRDA:148,33,5,0
BRDA:148,33,6,0
BRDA:148,33,7,0
BRDA:159,34,0,0
BRDA:159,34,1,0
BRDA:159,35,0,0
BRDA:159,35,1,0
BRDA:161,36,0,0
BRDA:161,36,1,0
BRDA:179,37,0,4
BRDA:185,38,0,1
BRDA:185,39,0,25
BRDA:185,39,1,1
BRDA:189,40,0,0
BRDA:189,40,1,2
BRDA:192,41,0,0
BRDA:192,41,1,0
BRDA:201,42,0,1
BRDA:207,43,0,8
BRDA:207,44,0,25
BRDA:207,44,1,25
BRDA:214,45,0,0
BRDA:217,46,0,0
BRDA:217,46,1,0
BRDA:221,47,0,1
BRDA:221,47,1,9
BRDA:223,48,0,2
BRDA:223,48,1,7
BRDA:224,49,0,1
BRDA:224,49,1,1
BRDA:231,50,0,3
BRDA:231,50,1,4
BRDA:234,51,0,1
BRDA:234,51,1,0
BRDA:234,51,2,0
BRDA:234,51,3,0
BRDA:234,51,4,1
BRDA:234,51,5,1
BRDA:234,51,6,0
BRDA:234,51,7,0
BRDA:245,52,0,1
BRDA:245,52,1,2
BRDA:245,53,0,3
BRDA:245,53,1,1
BRDA:247,54,0,0
BRDA:247,54,1,2
BRDA:261,55,0,9
BRDA:268,56,0,4
BRDA:268,56,1,21
BRDA:268,57,0,25
BRDA:268,57,1,4
BRDA:268,57,2,4
BRDA:273,58,0,0
BRDA:273,58,1,4
BRDA:274,59,0,0
BRDA:274,59,1,0
BRDA:276,60,0,0
BRDA:285,61,0,0
BRDA:288,62,0,4
BRDA:288,62,1,4
BRDA:291,63,0,4
BRDA:291,63,1,3
BRDA:294,64,0,3
BRDA:294,64,1,1
BRDA:296,65,0,1
BRDA:296,65,1,0
BRDA:298,66,0,0
BRDA:302,67,0,4
BRDA:313,68,0,21
BRDA:315,69,0,2
BRDA:315,69,1,19
BRDA:328,70,0,4
BRDA:331,71,0,2
BRDA:331,71,1,2
BRDA:332,72,0,1
BRDA:332,72,1,1
BRDA:333,73,0,1
BRDA:333,73,1,1
BRDA:338,74,0,0
BRDA:341,75,0,0
BRDA:341,75,1,0
BRDA:345,76,0,1
BRDA:345,76,1,1
BRDA:347,77,0,1
BRDA:347,77,1,1
BRDA:348,78,0,1
BRDA:348,78,1,1
BRDA:353,79,0,0
BRDA:356,80,0,0
BRDA:356,80,1,0
BRDA:361,81,0,1
BRDA:367,82,0,0
BRDA:370,83,0,0
BRDA:370,83,1,0
BRDA:373,84,0,1
BRDA:373,84,1,1
BRDA:373,85,0,2
BRDA:373,85,1,0
BRDA:377,86,0,4
BRDA:389,87,0,2
BRDA:390,88,0,2
BRDA:390,88,1,1
BRDA:391,89,0,2
BRDA:391,89,1,0
BRDA:401,90,0,4
BRDA:401,90,1,21
BRDA:407,91,0,8
BRDA:407,92,0,25
BRDA:407,92,1,23
BRDA:410,93,0,0
BRDA:410,93,1,8
BRDA:444,94,0,4
BRDA:444,95,0,23
BRDA:444,95,1,4
BRDA:444,95,2,4
BRDA:455,96,0,23
BRDA:455,96,1,21
BRDA:456,97,0,2
BRDA:456,97,1,21
BRDA:457,98,0,2
BRDA:457,98,1,21
BRDA:462,99,0,23
BRDA:479,100,0,0
BRDA:488,101,0,0
BRDA:488,102,0,9
BRDA:488,102,1,9
BRDA:488,102,2,9
BRDA:488,102,3,9
BRDA:497,103,0,14
BRDA:497,104,0,15
BRDA:497,104,1,14
BRDA:497,104,2,14
BRDA:506,105,0,10
BRDA:506,105,1,5
BRDA:507,106,0,10
BRDA:507,106,1,6
BRDA:512,107,0,16
BRDA:512,107,1,15
BRDA:512,107,2,15
BRDA:515,108,0,0
BRDA:531,109,0,6
BRDA:531,110,0,6
BRDA:531,110,1,6
BRDA:533,111,0,5
BRDA:534,112,0,1
BRDA:534,112,1,4
BRDA:538,113,0,2
BRDA:538,113,1,4
BRDA:546,114,0,1
BRDA:546,114,1,3
BRDA:547,115,0,1
BRDA:547,115,1,0
BRDA:549,116,0,1
BRDA:555,117,0,1
BRDA:567,118,0,4
BRDA:567,118,1,0
BRDA:569,119,0,1
BRDA:569,119,1,3
BRDA:569,120,0,4
BRDA:569,120,1,1
BRDA:569,120,2,1
BRDA:585,121,0,10
BRDA:585,122,0,15
BRDA:585,122,1,15
BRDA:586,123,0,5
BRDA:586,123,1,5
BRDA:596,124,0,14
BRDA:596,125,0,15
BRDA:596,125,1,14
BRDA:596,125,2,14
BRDA:598,126,0,14
BRDA:611,127,0,1
BRDA:617,128,0,13
BRDA:620,129,0,1
BRDA:635,130,0,0
BRDA:635,130,1,10
BRDA:638,131,0,0
BRDA:638,132,0,10
BRDA:638,132,1,10
BRDA:661,133,0,10
BRDA:664,134,0,1
BRDA:677,135,0,1
BRDA:677,135,1,6
BRDA:680,136,0,1
BRDA:680,137,0,7
BRDA:680,137,1,7
BRDA:698,138,0,10
BRDA:699,139,0,2
BRDA:699,140,0,11
BRDA:699,140,1,10
BRDA:699,140,2,10
BRDA:704,141,0,9
BRDA:704,142,0,9
BRDA:704,142,1,9
BRDA:715,143,0,8
BRDA:722,144,0,6
BRDA:722,144,1,1
BRDA:725,145,0,7
BRDA:739,146,0,8
BRDA:740,147,0,1
BRDA:744,148,0,1
BRDA:744,149,0,8
BRDA:744,149,1,8
BRDA:744,149,2,8
BRDA:753,150,0,6
BRDA:760,151,0,5
BRDA:772,152,0,4
BRDA:772,152,1,1
BRDA:772,153,0,0
BRDA:772,153,1,4
BRDA:782,154,0,4
BRDA:783,155,0,1
BRDA:791,156,0,4
BRDA:793,157,0,3
BRDA:800,158,0,3
BRDA:812,159,0,1
BRDA:812,159,1,2
BRDA:822,160,0,4
BRDA:827,161,0,16
BRDA:830,162,0,1
BRDA:846,163,0,1
BRDA:846,163,1,14
BRDA:848,164,0,1
BRDA:848,164,1,13
BRDA:849,165,0,0
BRDA:849,165,1,1
BRDA:856,166,0,8
BRDA:856,166,1,5
BRDA:859,167,0,2
BRDA:859,167,1,1
BRDA:859,167,2,1
BRDA:859,167,3,1
BRDA:859,167,4,1
BRDA:859,167,5,1
BRDA:859,167,6,1
BRDA:877,168,0,13
BRDA:877,168,1,3
BRDA:884,169,0,13
BRDA:911,170,0,0
BRDA:915,171,0,1
BRDA:922,172,0,1
BRDA:927,173,0,1
BRDA:927,173,1,0
BRDA:930,174,0,1
BRDA:934,175,0,1
BRDA:939,176,0,1
BRDA:939,176,1,0
BRDA:939,177,0,1
BRDA:939,177,1,0
BRDA:942,178,0,1
BRDA:943,179,0,1
BRDA:943,179,1,1
BRDA:946,180,0,1
BRDA:946,180,1,0
BRDA:948,181,0,0
BRDA:964,182,0,1
BRDA:964,182,1,0
BRDA:972,183,0,8
BRDA:983,184,0,3
BRDA:996,185,0,1
BRDA:1000,186,0,4
BRDA:1013,187,0,0
BRDA:1022,188,0,49
BRDA:1022,189,0,62
BRDA:1022,189,1,15
BRDA:1022,189,2,10
BRDA:1026,190,0,4
BRDA:1030,191,0,8
BRF:333
BRH:257
end_of_record
TN:
SF:src/index.ts
FN:49,(anonymous_9)
FN:50,(anonymous_10)
FN:51,(anonymous_11)
FN:52,(anonymous_12)
FN:9,createORM
FN:33,(anonymous_14)
FNF:6
FNH:6
FNDA:2,(anonymous_9)
FNDA:1,(anonymous_10)
FNDA:1,(anonymous_11)
FNDA:1,(anonymous_12)
FNDA:4,createORM
FNDA:1,(anonymous_14)
DA:1,1
DA:2,1
DA:3,1
DA:4,1
DA:9,1
DA:14,4
DA:16,4
DA:17,1
DA:21,3
DA:24,3
DA:29,3
DA:34,1
DA:45,1
DA:49,3
DA:50,2
DA:51,2
DA:52,2
LF:17
LH:17
BRDA:14,0,0,3
BRDA:16,1,0,1
BRDA:24,2,0,1
BRDA:24,2,1,2
BRDA:24,3,0,3
BRDA:24,3,1,1
BRDA:33,4,0,0
BRF:7
BRH:6
end_of_record
TN:
SF:src/adapters/cache.ts
FN:9,(anonymous_0)
FN:13,(anonymous_1)
FN:17,(anonymous_2)
FN:21,(anonymous_3)
FN:25,(anonymous_4)
FN:34,(anonymous_5)
FN:38,(anonymous_6)
FN:42,(anonymous_7)
FN:46,(anonymous_8)
FNF:9
FNH:9
FNDA:5,(anonymous_0)
FNDA:1,(anonymous_1)
FNDA:1,(anonymous_2)
FNDA:1,(anonymous_3)
FNDA:1,(anonymous_4)
FNDA:1,(anonymous_5)
FNDA:1,(anonymous_6)
FNDA:1,(anonymous_7)
FNDA:1,(anonymous_8)
DA:6,2
DA:10,5
DA:14,1
DA:18,1
DA:22,1
DA:26,1
DA:33,2
DA:35,1
DA:47,1
LF:9
LH:9
BRDA:17,0,0,0
BRDA:17,1,0,0
BRF:2
BRH:0
end_of_record
TN:
SF:src/adapters/database.ts
FN:9,(anonymous_0)
FN:13,(anonymous_1)
FN:20,(anonymous_2)
FNF:3
FNH:3
FNDA:7,(anonymous_0)
FNDA:2,(anonymous_1)
FNDA:2,(anonymous_2)
DA:6,2
DA:10,7
DA:14,2
DA:15,1
DA:17,1
DA:21,2
DA:22,1
DA:24,1
LF:8
LH:8
BRDA:14,0,0,1
BRDA:14,1,0,2
BRDA:14,1,1,2
BRDA:21,2,0,1
BRDA:21,3,0,2
BRDA:21,3,1,2
BRF:6
BRH:6
end_of_record
